Using pre-set license
Built from '2021.3/staging' branch; Version is '2021.3.8f1 (b30333d56e81) revision 11731763'; Using compiler version '192829333'; Build Type 'Release'
OS: 'Windows 10  (10.0.19044) 64bit Professional' Language: 'ko' Physical Memory: 16121 MB
BatchMode: 1, IsHumanControllingUs: 0, StartBugReporterOnCrash: 0, Is64bit: 1, IsPro: 1

COMMAND LINE ARGUMENTS:
C:\Program Files\Unity\Hub\Editor\2021.3.8f1\Editor\Unity.exe
-adb2
-batchMode
-noUpm
-name
AssetImportWorker3
-projectPath
C:/Users/user/Desktop/CarGame
-logFile
Logs/AssetImportWorker3.log
-srvPort
56049
Successfully changed project path to: C:/Users/user/Desktop/CarGame
C:/Users/user/Desktop/CarGame
[UnityMemory] Configuration Parameters - Can be set up in boot.config
    "memorysetup-bucket-allocator-granularity=16"
    "memorysetup-bucket-allocator-bucket-count=8"
    "memorysetup-bucket-allocator-block-size=33554432"
    "memorysetup-bucket-allocator-block-count=8"
    "memorysetup-main-allocator-block-size=16777216"
    "memorysetup-thread-allocator-block-size=16777216"
    "memorysetup-gfx-main-allocator-block-size=16777216"
    "memorysetup-gfx-thread-allocator-block-size=16777216"
    "memorysetup-cache-allocator-block-size=4194304"
    "memorysetup-typetree-allocator-block-size=2097152"
    "memorysetup-profiler-bucket-allocator-granularity=16"
    "memorysetup-profiler-bucket-allocator-bucket-count=8"
    "memorysetup-profiler-bucket-allocator-block-size=33554432"
    "memorysetup-profiler-bucket-allocator-block-count=8"
    "memorysetup-profiler-allocator-block-size=16777216"
    "memorysetup-profiler-editor-allocator-block-size=1048576"
    "memorysetup-temp-allocator-size-main=16777216"
    "memorysetup-job-temp-allocator-block-size=2097152"
    "memorysetup-job-temp-allocator-block-size-background=1048576"
    "memorysetup-job-temp-allocator-reduction-small-platforms=262144"
    "memorysetup-temp-allocator-size-background-worker=32768"
    "memorysetup-temp-allocator-size-job-worker=262144"
    "memorysetup-temp-allocator-size-preload-manager=33554432"
    "memorysetup-temp-allocator-size-nav-mesh-worker=65536"
    "memorysetup-temp-allocator-size-audio-worker=65536"
    "memorysetup-temp-allocator-size-cloud-worker=32768"
    "memorysetup-temp-allocator-size-gi-baking-worker=262144"
    "memorysetup-temp-allocator-size-gfx=262144"
Refreshing native plugins compatible for Editor in 146.69 ms, found 3 plugins.
Preloading 0 native plugins for Editor in 0.00 ms.
Initialize engine version: 2021.3.8f1 (b30333d56e81)
[Subsystems] Discovering subsystems at path C:/Program Files/Unity/Hub/Editor/2021.3.8f1/Editor/Data/Resources/UnitySubsystems
[Subsystems] Discovering subsystems at path C:/Users/user/Desktop/CarGame/Assets
GfxDevice: creating device client; threaded=0; jobified=0
Direct3D:
    Version:  Direct3D 11.0 [level 11.1]
    Renderer: NVIDIA GeForce RTX 3050 Ti Laptop GPU (ID=0x25a0)
    Vendor:   NVIDIA
    VRAM:     3990 MB
    Driver:   30.0.15.1215
Initialize mono
Mono path[0] = 'C:/Program Files/Unity/Hub/Editor/2021.3.8f1/Editor/Data/Managed'
Mono path[1] = 'C:/Program Files/Unity/Hub/Editor/2021.3.8f1/Editor/Data/MonoBleedingEdge/lib/mono/unityjit-win32'
Mono config path = 'C:/Program Files/Unity/Hub/Editor/2021.3.8f1/Editor/Data/MonoBleedingEdge/etc'
Using monoOptions --debugger-agent=transport=dt_socket,embedding=1,server=y,suspend=n,address=127.0.0.1:56308
Begin MonoManager ReloadAssembly
Registering precompiled unity dll's ...
Register platform support module: C:/Program Files/Unity/Hub/Editor/2021.3.8f1/Editor/Data/PlaybackEngines/WindowsStandaloneSupport/UnityEditor.WindowsStandalone.Extensions.dll
Registered in 0.006228 seconds.
Native extension for WindowsStandalone target not found
Refreshing native plugins compatible for Editor in 198.65 ms, found 3 plugins.
Preloading 0 native plugins for Editor in 0.00 ms.
Mono: successfully reloaded assembly
- Completed reload, in  0.737 seconds
Domain Reload Profiling:
	ReloadAssembly (738ms)
		BeginReloadAssembly (65ms)
			ExecutionOrderSort (0ms)
			DisableScriptedObjects (0ms)
			BackupInstance (0ms)
			ReleaseScriptingObjects (0ms)
			CreateAndSetChildDomain (1ms)
		EndReloadAssembly (583ms)
			LoadAssemblies (63ms)
			RebuildTransferFunctionScriptingTraits (0ms)
			SetupTypeCache (97ms)
			ReleaseScriptCaches (0ms)
			RebuildScriptCaches (30ms)
			SetupLoadedEditorAssemblies (402ms)
				LogAssemblyErrors (0ms)
				InitializePlatformSupportModulesInManaged (12ms)
				SetLoadedEditorAssemblies (0ms)
				RefreshPlugins (199ms)
				BeforeProcessingInitializeOnLoad (1ms)
				ProcessInitializeOnLoadAttributes (137ms)
				ProcessInitializeOnLoadMethodAttributes (52ms)
				AfterProcessingInitializeOnLoad (0ms)
				EditorAssembliesLoaded (0ms)
			ExecutionOrderSort2 (0ms)
			AwakeInstancesAfterBackupRestoration (0ms)
Platform modules already initialized, skipping
Registering precompiled user dll's ...
Registered in 0.009860 seconds.
Begin MonoManager ReloadAssembly
Symbol file LoadedFromMemory doesn't match image C:\Users\user\Desktop\CarGame\Library\PackageCache\com.unity.visualscripting@1.7.8\Editor\VisualScripting.Core\Dependencies\YamlDotNet\Unity.VisualScripting.YamlDotNet.dll
Symbol file LoadedFromMemory doesn't match image C:\Users\user\Desktop\CarGame\Library\PackageCache\com.unity.visualscripting@1.7.8\Editor\VisualScripting.Core\Dependencies\DotNetZip\Unity.VisualScripting.IonicZip.dll
Native extension for WindowsStandalone target not found
Refreshing native plugins compatible for Editor in 154.36 ms, found 3 plugins.
Preloading 0 native plugins for Editor in 0.00 ms.
Mono: successfully reloaded assembly
- Completed reload, in  1.750 seconds
Domain Reload Profiling:
	ReloadAssembly (1751ms)
		BeginReloadAssembly (136ms)
			ExecutionOrderSort (0ms)
			DisableScriptedObjects (4ms)
			BackupInstance (0ms)
			ReleaseScriptingObjects (0ms)
			CreateAndSetChildDomain (28ms)
		EndReloadAssembly (1461ms)
			LoadAssemblies (116ms)
			RebuildTransferFunctionScriptingTraits (0ms)
			SetupTypeCache (321ms)
			ReleaseScriptCaches (1ms)
			RebuildScriptCaches (78ms)
			SetupLoadedEditorAssemblies (891ms)
				LogAssemblyErrors (0ms)
				InitializePlatformSupportModulesInManaged (10ms)
				SetLoadedEditorAssemblies (0ms)
				RefreshPlugins (154ms)
				BeforeProcessingInitializeOnLoad (150ms)
				ProcessInitializeOnLoadAttributes (455ms)
				ProcessInitializeOnLoadMethodAttributes (107ms)
				AfterProcessingInitializeOnLoad (13ms)
				EditorAssembliesLoaded (1ms)
			ExecutionOrderSort2 (0ms)
			AwakeInstancesAfterBackupRestoration (13ms)
Platform modules already initialized, skipping
========================================================================
Worker process is ready to serve import requests
Launched and connected shader compiler UnityShaderCompiler.exe after 0.07 seconds
Refreshing native plugins compatible for Editor in 1.60 ms, found 3 plugins.
Preloading 0 native plugins for Editor in 0.00 ms.
Unloading 5270 Unused Serialized files (Serialized files now loaded: 0)
Unloading 45 unused Assets / (0.6 MB). Loaded Objects now: 5733.
Memory consumption went from 213.3 MB to 212.7 MB.
Total: 6.888200 ms (FindLiveObjects: 1.483800 ms CreateObjectMapping: 0.777000 ms MarkObjects: 4.219500 ms  DeleteObjects: 0.405900 ms)

AssetImportParameters requested are different than current active one (requested -> active):
  custom:video-decoder-ogg-theora: a1e56fd34408186e4bbccfd4996cb3dc -> 
  custom:container-muxer-webm: aa71ff27fc2769a1b78a27578f13a17b -> 
  custom:container-demuxer-webm: 4f35f7cbe854078d1ac9338744f61a02 -> 
  custom:video-encoder-webm-vp8: eb34c28f22e8b96e1ab97ce403110664 -> 
  custom:video-codec-MediaFoundation-h265: 746d11721c4dcdbdad8f713fa42b33f4 -> 
  custom:audio-encoder-webm-vorbis: bf7c407c2cedff20999df2af8eb42d56 -> 
  custom:framework-win-MediaFoundation: 216162199b28c13a410421893ffa2e32 -> 
  custom:container-demuxer-ogg: 62fdf1f143b41e24485cea50d1cbac27 -> 
  custom:video-decoder-webm-vp8: 9c59270c3fd7afecdb556c50c9e8de78 -> 
  custom:audio-decoder-ogg-vorbis: bf7c407c2cedff20999df2af8eb42d56 -> 
========================================================================
Received Import Request.
  Time since last request: 634751.495121 seconds.
  path: Assets/RoadArchitect/Mesh/RoadObj/Bridges/BridgeBase9-2L.FBX
  artifactKey: Guid(927e24732235e4e43a8f37c0e85d37de) Importer(815301076,1909f56bfc062723c751e8b465ee728b)
Start importing Assets/RoadArchitect/Mesh/RoadObj/Bridges/BridgeBase9-2L.FBX using Guid(927e24732235e4e43a8f37c0e85d37de) Importer(815301076,1909f56bfc062723c751e8b465ee728b)  -> (artifact id: '5ae76f3f2a12f62cb848eba4a6f4bb8b') in 0.389879 seconds 
========================================================================
Received Import Request.
  Time since last request: 0.000038 seconds.
  path: Assets/BrokenVector/LowPolyRoadPack/Prefabs/SingleLane Curve.prefab
  artifactKey: Guid(12f915ef0d4a22244967366bf9764406) Importer(815301076,1909f56bfc062723c751e8b465ee728b)
Start importing Assets/BrokenVector/LowPolyRoadPack/Prefabs/SingleLane Curve.prefab using Guid(12f915ef0d4a22244967366bf9764406) Importer(815301076,1909f56bfc062723c751e8b465ee728b)  -> (artifact id: 'fe7e867e77ccd9a9554da680a1d21596') in 0.025357 seconds 
========================================================================
Received Import Request.
  Time since last request: 0.000105 seconds.
  path: Assets/BrokenVector/LowPolyRoadPack/Demo/Landscape/Houses.010.dae
  artifactKey: Guid(960597deba6aae644952d370b3c462a6) Importer(815301076,1909f56bfc062723c751e8b465ee728b)
Start importing Assets/BrokenVector/LowPolyRoadPack/Demo/Landscape/Houses.010.dae using Guid(960597deba6aae644952d370b3c462a6) Importer(815301076,1909f56bfc062723c751e8b465ee728b)  -> (artifact id: 'e7a1820300b9d6f1b5af04f30df05f00') in 0.057974 seconds 
========================================================================
Received Import Request.
  Time since last request: 0.000044 seconds.
  path: Assets/Barmetler/Road System/Demo/Prefabs/Intersections/Transition 2-4.prefab
  artifactKey: Guid(5454162f7468e5948b3b473b692e8a6c) Importer(815301076,1909f56bfc062723c751e8b465ee728b)
Start importing Assets/Barmetler/Road System/Demo/Prefabs/Intersections/Transition 2-4.prefab using Guid(5454162f7468e5948b3b473b692e8a6c) Importer(815301076,1909f56bfc062723c751e8b465ee728b)  -> (artifact id: '5e051612f2f6f6a78c0e99a2619c60a8') in 0.144628 seconds 
========================================================================
Received Import Request.
  Time since last request: 0.000073 seconds.
  path: Assets/BrokenVector/LowPolyRoadPack/Models/Parkinglot Edge 4.dae
  artifactKey: Guid(de7d72739316cac4eae2ef92efa78c8d) Importer(815301076,1909f56bfc062723c751e8b465ee728b)
Start importing Assets/BrokenVector/LowPolyRoadPack/Models/Parkinglot Edge 4.dae using Guid(de7d72739316cac4eae2ef92efa78c8d) Importer(815301076,1909f56bfc062723c751e8b465ee728b)  -> (artifact id: 'bbc7ec7804ab7cddf8fd535962b74b82') in 0.041382 seconds 
========================================================================
Received Import Request.
  Time since last request: 0.000060 seconds.
  path: Assets/BrokenVector/LowPolyRoadPack/Prefabs/Tunnel Curve.prefab
  artifactKey: Guid(72e0f34fa25621649ab63b1abedef4d9) Importer(815301076,1909f56bfc062723c751e8b465ee728b)
Start importing Assets/BrokenVector/LowPolyRoadPack/Prefabs/Tunnel Curve.prefab using Guid(72e0f34fa25621649ab63b1abedef4d9) Importer(815301076,1909f56bfc062723c751e8b465ee728b)  -> (artifact id: '28ecf39c7dd44fd52656fda30fd9db9d') in 0.031294 seconds 
========================================================================
Received Import Request.
  Time since last request: 0.000049 seconds.
  path: Assets/RoadArchitect/Mesh/RoadObj/GSDSidewalk-Cap.FBX
  artifactKey: Guid(98d18ab72a32093469e007f89ad13443) Importer(815301076,1909f56bfc062723c751e8b465ee728b)
Start importing Assets/RoadArchitect/Mesh/RoadObj/GSDSidewalk-Cap.FBX using Guid(98d18ab72a32093469e007f89ad13443) Importer(815301076,1909f56bfc062723c751e8b465ee728b)  -> (artifact id: '944d87edbe5bf7e4a3bd76229b27b7d1') in 0.040108 seconds 
========================================================================
Received Import Request.
  Time since last request: 0.000034 seconds.
  path: Assets/BrokenVector/LowPolyRoadPack/Demo/Landscape/Houses.008.dae
  artifactKey: Guid(2296d07369e67c646b2d0d7f242d8449) Importer(815301076,1909f56bfc062723c751e8b465ee728b)
Start importing Assets/BrokenVector/LowPolyRoadPack/Demo/Landscape/Houses.008.dae using Guid(2296d07369e67c646b2d0d7f242d8449) Importer(815301076,1909f56bfc062723c751e8b465ee728b)  -> (artifact id: 'fd2d666f38fb26195db27c8c5165d382') in 0.041889 seconds 
========================================================================
Received Import Request.
  Time since last request: 0.000066 seconds.
  path: Assets/RoadArchitect/Mesh/RoadObj/Railing/GSDRailing9.fbx
  artifactKey: Guid(52bc085d1571bb54f9717d1aeb655ecd) Importer(815301076,1909f56bfc062723c751e8b465ee728b)
Start importing Assets/RoadArchitect/Mesh/RoadObj/Railing/GSDRailing9.fbx using Guid(52bc085d1571bb54f9717d1aeb655ecd) Importer(815301076,1909f56bfc062723c751e8b465ee728b)  -> (artifact id: 'e4de57054251d5c6fc8f4f755b62ff76') in 0.043439 seconds 
========================================================================
Received Import Request.
  Time since last request: 0.000047 seconds.
  path: Assets/BrokenVector/LowPolyRoadPack/Prefabs/Highway Curve 2.prefab
  artifactKey: Guid(e22ea203430a7754fa2d9f5192effac9) Importer(815301076,1909f56bfc062723c751e8b465ee728b)
Start importing Assets/BrokenVector/LowPolyRoadPack/Prefabs/Highway Curve 2.prefab using Guid(e22ea203430a7754fa2d9f5192effac9) Importer(815301076,1909f56bfc062723c751e8b465ee728b)  -> (artifact id: '070074e40a637ac750c69357d3e88f40') in 0.020891 seconds 
========================================================================
Received Import Request.
  Time since last request: 0.000035 seconds.
  path: Assets/RoadArchitect/Mesh/RoadObj/Bridges/SuspBridgeBase-6L.FBX
  artifactKey: Guid(bb0c5bac2f741d24abd44c049e7c4680) Importer(815301076,1909f56bfc062723c751e8b465ee728b)
Start importing Assets/RoadArchitect/Mesh/RoadObj/Bridges/SuspBridgeBase-6L.FBX using Guid(bb0c5bac2f741d24abd44c049e7c4680) Importer(815301076,1909f56bfc062723c751e8b465ee728b)  -> (artifact id: '28dde796a3fe53b261fba4a5ed2c2756') in 0.038998 seconds 
========================================================================
Received Import Request.
  Time since last request: 0.000057 seconds.
  path: Assets/RoadArchitect/Mesh/RoadObj/Bridges/BridgeBase7-2L.fbx
  artifactKey: Guid(6e027dd0b7b992e4fb67bdc87aa3b832) Importer(815301076,1909f56bfc062723c751e8b465ee728b)
Start importing Assets/RoadArchitect/Mesh/RoadObj/Bridges/BridgeBase7-2L.fbx using Guid(6e027dd0b7b992e4fb67bdc87aa3b832) Importer(815301076,1909f56bfc062723c751e8b465ee728b)  -> (artifact id: 'b57b111877cf3499d8f3d262e36ec307') in 0.043443 seconds 
========================================================================
Received Import Request.
  Time since last request: 0.000107 seconds.
  path: Assets/BrokenVector/LowPolyRoadPack/Demo/Landscape/Houses.013.dae
  artifactKey: Guid(facee1ea21c798142b0bbba6183d9d69) Importer(815301076,1909f56bfc062723c751e8b465ee728b)
Start importing Assets/BrokenVector/LowPolyRoadPack/Demo/Landscape/Houses.013.dae using Guid(facee1ea21c798142b0bbba6183d9d69) Importer(815301076,1909f56bfc062723c751e8b465ee728b)  -> (artifact id: '4f6ce9121b5f9ad8e40ebb33587947e8') in 0.042225 seconds 
========================================================================
Received Import Request.
  Time since last request: 0.000072 seconds.
  path: Assets/RoadArchitect/Mesh/RoadObj/Bridges/BridgeTest2.FBX
  artifactKey: Guid(3df912e363d430b4d854741f2eff87d3) Importer(815301076,1909f56bfc062723c751e8b465ee728b)
Start importing Assets/RoadArchitect/Mesh/RoadObj/Bridges/BridgeTest2.FBX using Guid(3df912e363d430b4d854741f2eff87d3) Importer(815301076,1909f56bfc062723c751e8b465ee728b)  -> (artifact id: 'afb84ca6f180dc72ae23012f99d6b007') in 0.035337 seconds 
========================================================================
Received Import Request.
  Time since last request: 0.000076 seconds.
  path: Assets/RoadArchitect/Mesh/RoadObj/Signs/GSDStreetLight_TrafficLight.fbx
  artifactKey: Guid(03821f42d9a93d34e85f60f448147567) Importer(815301076,1909f56bfc062723c751e8b465ee728b)
Start importing Assets/RoadArchitect/Mesh/RoadObj/Signs/GSDStreetLight_TrafficLight.fbx using Guid(03821f42d9a93d34e85f60f448147567) Importer(815301076,1909f56bfc062723c751e8b465ee728b)  -> (artifact id: '3c43f7830af120d451663ee166197c93') in 0.038144 seconds 
========================================================================
Received Import Request.
  Time since last request: 0.000037 seconds.
  path: Assets/RoadArchitect/Mesh/RoadObj/Bridges/BridgePillar4-4L.FBX
  artifactKey: Guid(32a03a023630b724881c9da0a1574059) Importer(815301076,1909f56bfc062723c751e8b465ee728b)
Start importing Assets/RoadArchitect/Mesh/RoadObj/Bridges/BridgePillar4-4L.FBX using Guid(32a03a023630b724881c9da0a1574059) Importer(815301076,1909f56bfc062723c751e8b465ee728b)  -> (artifact id: '591ef20cd40576f77dab142ba1784f4e') in 0.035731 seconds 
========================================================================
Received Import Request.
  Time since last request: 0.000048 seconds.
  path: Assets/RoadArchitect/Mesh/RoadObj/Tunnel/GSDTunnel-6L.FBX
  artifactKey: Guid(dacf8f71a4ab8ba4983bca2fe2ba344b) Importer(815301076,1909f56bfc062723c751e8b465ee728b)
Start importing Assets/RoadArchitect/Mesh/RoadObj/Tunnel/GSDTunnel-6L.FBX using Guid(dacf8f71a4ab8ba4983bca2fe2ba344b) Importer(815301076,1909f56bfc062723c751e8b465ee728b)  -> (artifact id: 'a11b3b1342e6c4231038910ae128eb18') in 0.041721 seconds 
========================================================================
Received Import Request.
  Time since last request: 0.000041 seconds.
  path: Assets/RoadArchitect/Mesh/RoadObj/Bridges/CableTest1.FBX
  artifactKey: Guid(37a695dc2a21cd34ab1e09313f63c929) Importer(815301076,1909f56bfc062723c751e8b465ee728b)
Start importing Assets/RoadArchitect/Mesh/RoadObj/Bridges/CableTest1.FBX using Guid(37a695dc2a21cd34ab1e09313f63c929) Importer(815301076,1909f56bfc062723c751e8b465ee728b)  -> (artifact id: '132dbaf89ec128950d3748671024c4d9') in 0.034895 seconds 
========================================================================
Received Import Request.
  Time since last request: 0.000090 seconds.
  path: Assets/BrokenVector/LowPolyRoadPack/Models/Highway Cross Highway.dae
  artifactKey: Guid(9737ab9f3cf9c0b4d87af4f5b0108b28) Importer(815301076,1909f56bfc062723c751e8b465ee728b)
Start importing Assets/BrokenVector/LowPolyRoadPack/Models/Highway Cross Highway.dae using Guid(9737ab9f3cf9c0b4d87af4f5b0108b28) Importer(815301076,1909f56bfc062723c751e8b465ee728b)  -> (artifact id: 'cfddbbad6396e83f8b6798b3d21265b9') in 0.044526 seconds 
========================================================================
Received Import Request.
  Time since last request: 0.000031 seconds.
  path: Assets/Barmetler/Road System/Demo/Prefabs/Objects/Transition 2-4.prefab
  artifactKey: Guid(6b3b1bfe18f2a114c9fd84f0a9f03002) Importer(815301076,1909f56bfc062723c751e8b465ee728b)
Start importing Assets/Barmetler/Road System/Demo/Prefabs/Objects/Transition 2-4.prefab using Guid(6b3b1bfe18f2a114c9fd84f0a9f03002) Importer(815301076,1909f56bfc062723c751e8b465ee728b)  -> (artifact id: '5dbb3804737bfb03b766b4e7d4079df3') in 0.033446 seconds 
========================================================================
Received Import Request.
  Time since last request: 0.000046 seconds.
  path: Assets/RoadArchitect/Mesh/RoadObj/Bridges/SuspBridgeBase-4L-10M.FBX
  artifactKey: Guid(61acb0002c32d984a80292f91fb969ae) Importer(815301076,1909f56bfc062723c751e8b465ee728b)
Start importing Assets/RoadArchitect/Mesh/RoadObj/Bridges/SuspBridgeBase-4L-10M.FBX using Guid(61acb0002c32d984a80292f91fb969ae) Importer(815301076,1909f56bfc062723c751e8b465ee728b)  -> (artifact id: '88ecba9d4fc6f929459102642da66c8c') in 0.045069 seconds 
========================================================================
Received Import Request.
  Time since last request: 0.000030 seconds.
  path: Assets/RoadArchitect/Mesh/RoadObj/Bridges/SuspBridgeBase-2L-10M.FBX
  artifactKey: Guid(2bdb0762972a7ee47965f0b31bbac536) Importer(815301076,1909f56bfc062723c751e8b465ee728b)
Start importing Assets/RoadArchitect/Mesh/RoadObj/Bridges/SuspBridgeBase-2L-10M.FBX using Guid(2bdb0762972a7ee47965f0b31bbac536) Importer(815301076,1909f56bfc062723c751e8b465ee728b)  -> (artifact id: 'cae49ed22b6329c76ccd221a163163e0') in 0.040777 seconds 
========================================================================
Received Import Request.
  Time since last request: 0.000048 seconds.
  path: Assets/BrokenVector/LowPolyRoadPack/Prefabs/Highway Straight 1.prefab
  artifactKey: Guid(b5baae8b9b6343c4484a2886ccff5179) Importer(815301076,1909f56bfc062723c751e8b465ee728b)
Start importing Assets/BrokenVector/LowPolyRoadPack/Prefabs/Highway Straight 1.prefab using Guid(b5baae8b9b6343c4484a2886ccff5179) Importer(815301076,1909f56bfc062723c751e8b465ee728b)  -> (artifact id: '17548157d0ab03ee3480a012efa27b77') in 0.021195 seconds 
========================================================================
Received Import Request.
  Time since last request: 0.000049 seconds.
  path: Assets/RoadArchitect/Mesh/RoadObj/Signs/GSDSignStop.prefab
  artifactKey: Guid(fbf8503cc60e3f1418215d6a2dc87c99) Importer(815301076,1909f56bfc062723c751e8b465ee728b)
Start importing Assets/RoadArchitect/Mesh/RoadObj/Signs/GSDSignStop.prefab using Guid(fbf8503cc60e3f1418215d6a2dc87c99) Importer(815301076,1909f56bfc062723c751e8b465ee728b)  -> (artifact id: '6e7f7b368906337d98ca0f517f7e45f2') in 0.060285 seconds 
========================================================================
Received Import Request.
  Time since last request: 0.000034 seconds.
  path: Assets/BrokenVector/LowPolyRoadPack/Models/Road Join SIngleLane.dae
  artifactKey: Guid(b85b6366741d14e4a96828e1afad90e0) Importer(815301076,1909f56bfc062723c751e8b465ee728b)
Start importing Assets/BrokenVector/LowPolyRoadPack/Models/Road Join SIngleLane.dae using Guid(b85b6366741d14e4a96828e1afad90e0) Importer(815301076,1909f56bfc062723c751e8b465ee728b)  -> (artifact id: '0c46e55be6c8d77bcf9ec91d73847595') in 0.041583 seconds 
========================================================================
Received Import Request.
  Time since last request: 0.000051 seconds.
  path: Assets/RoadArchitect/Mesh/RoadObj/Railing/GSDRailing3-Light-20m.prefab
  artifactKey: Guid(2c883e469ce627b4e9a6e6cf2e3cb37e) Importer(815301076,1909f56bfc062723c751e8b465ee728b)
Start importing Assets/RoadArchitect/Mesh/RoadObj/Railing/GSDRailing3-Light-20m.prefab using Guid(2c883e469ce627b4e9a6e6cf2e3cb37e) Importer(815301076,1909f56bfc062723c751e8b465ee728b)  -> (artifact id: 'e8dff25902cfae40e65ae56c4e306956') in 0.035010 seconds 
========================================================================
Received Import Request.
  Time since last request: 0.000049 seconds.
  path: Assets/RoadArchitect/Mesh/RoadObj/Bridges/SuspBridgePillarSmall-6L.prefab
  artifactKey: Guid(dd560ce754de6624abb57ba9ef610e2c) Importer(815301076,1909f56bfc062723c751e8b465ee728b)
Start importing Assets/RoadArchitect/Mesh/RoadObj/Bridges/SuspBridgePillarSmall-6L.prefab using Guid(dd560ce754de6624abb57ba9ef610e2c) Importer(815301076,1909f56bfc062723c751e8b465ee728b)  -> (artifact id: '1973d6377a607479c76a95bbd0940607') in 0.032501 seconds 
========================================================================
Received Import Request.
  Time since last request: 0.000073 seconds.
  path: Assets/BrokenVector/LowPolyRoadPack/Prefabs/Highway Bridge 1.prefab
  artifactKey: Guid(8d7240f2f0843e442b11595c5465dbf7) Importer(815301076,1909f56bfc062723c751e8b465ee728b)
Start importing Assets/BrokenVector/LowPolyRoadPack/Prefabs/Highway Bridge 1.prefab using Guid(8d7240f2f0843e442b11595c5465dbf7) Importer(815301076,1909f56bfc062723c751e8b465ee728b)  -> (artifact id: 'b31996e8eb9fb78bbdb4a81e2242b393') in 0.025261 seconds 
========================================================================
Received Import Request.
  Time since last request: 0.000042 seconds.
  path: Assets/RoadArchitect/Mesh/RoadObj/Interactive/GSDWarningSign2.FBX
  artifactKey: Guid(7f030d20db68a4440914296a79059dd7) Importer(815301076,1909f56bfc062723c751e8b465ee728b)
Start importing Assets/RoadArchitect/Mesh/RoadObj/Interactive/GSDWarningSign2.FBX using Guid(7f030d20db68a4440914296a79059dd7) Importer(815301076,1909f56bfc062723c751e8b465ee728b)  -> (artifact id: 'e83363dd63b08c0cc5e08bf7f1d6c672') in 0.033990 seconds 
========================================================================
Received Import Request.
  Time since last request: 0.000037 seconds.
  path: Assets/BrokenVector/LowPolyRoadPack/Prefabs/Road Join Road.prefab
  artifactKey: Guid(c5fef14080d92e1448368c964f4f1552) Importer(815301076,1909f56bfc062723c751e8b465ee728b)
Start importing Assets/BrokenVector/LowPolyRoadPack/Prefabs/Road Join Road.prefab using Guid(c5fef14080d92e1448368c964f4f1552) Importer(815301076,1909f56bfc062723c751e8b465ee728b)  -> (artifact id: 'a6e6f2e4468f8be46886be3804fca6e9') in 0.035338 seconds 
========================================================================
Received Import Request.
  Time since last request: 0.000029 seconds.
  path: Assets/BrokenVector/LowPolyRoadPack/Models/Road Straight 1.dae
  artifactKey: Guid(b4923c0dba942fa43a6c6e6831a89113) Importer(815301076,1909f56bfc062723c751e8b465ee728b)
Start importing Assets/BrokenVector/LowPolyRoadPack/Models/Road Straight 1.dae using Guid(b4923c0dba942fa43a6c6e6831a89113) Importer(815301076,1909f56bfc062723c751e8b465ee728b)  -> (artifact id: '8f4a5c174ea60a2595995f2c4186736d') in 0.041296 seconds 
========================================================================
Received Import Request.
  Time since last request: 0.000033 seconds.
  path: Assets/BrokenVector/LowPolyRoadPack/Models/SingleLane Straight 1.dae
  artifactKey: Guid(69f4b809270776f4aaa4b23e75155df2) Importer(815301076,1909f56bfc062723c751e8b465ee728b)
Start importing Assets/BrokenVector/LowPolyRoadPack/Models/SingleLane Straight 1.dae using Guid(69f4b809270776f4aaa4b23e75155df2) Importer(815301076,1909f56bfc062723c751e8b465ee728b)  -> (artifact id: '6eec7df5c3b93333f4eb0e1c3e3df814') in 0.028881 seconds 
========================================================================
Received Import Request.
  Time since last request: 0.000044 seconds.
  path: Assets/RoadArchitect/Mesh/RoadObj/Bridges/BridgeBase8-2L-40M.FBX
  artifactKey: Guid(abd46179798b2604a8225a1fee15429d) Importer(815301076,1909f56bfc062723c751e8b465ee728b)
Start importing Assets/RoadArchitect/Mesh/RoadObj/Bridges/BridgeBase8-2L-40M.FBX using Guid(abd46179798b2604a8225a1fee15429d) Importer(815301076,1909f56bfc062723c751e8b465ee728b)  -> (artifact id: '7a89ba329498ae8f6904221fbc1d5518') in 0.036111 seconds 
========================================================================
Received Import Request.
  Time since last request: 0.000040 seconds.
  path: Assets/BrokenVector/LowPolyRoadPack/Prefabs/SingleLane Cross SingleLane.prefab
  artifactKey: Guid(4ad77816d1959bd49a799a1fdeb67987) Importer(815301076,1909f56bfc062723c751e8b465ee728b)
Start importing Assets/BrokenVector/LowPolyRoadPack/Prefabs/SingleLane Cross SingleLane.prefab using Guid(4ad77816d1959bd49a799a1fdeb67987) Importer(815301076,1909f56bfc062723c751e8b465ee728b)  -> (artifact id: '75e1b61b3c05d3d55bf7699ab34ff932') in 0.016533 seconds 
========================================================================
Received Import Request.
  Time since last request: 0.000039 seconds.
  path: Assets/BrokenVector/LowPolyRoadPack/Prefabs/Road Jump.prefab
  artifactKey: Guid(d995f875a84ca0f4c952dd644d6dbd0e) Importer(815301076,1909f56bfc062723c751e8b465ee728b)
Start importing Assets/BrokenVector/LowPolyRoadPack/Prefabs/Road Jump.prefab using Guid(d995f875a84ca0f4c952dd644d6dbd0e) Importer(815301076,1909f56bfc062723c751e8b465ee728b)  -> (artifact id: '85041d9eb45f69184b866ec99de917c1') in 0.026598 seconds 
========================================================================
Received Import Request.
  Time since last request: 0.000035 seconds.
  path: Assets/RoadArchitect/Mesh/RoadObj/Tunnel/GSDTunnel-2L-Lights.FBX
  artifactKey: Guid(10967234d9c8c13428d6908c479e92cd) Importer(815301076,1909f56bfc062723c751e8b465ee728b)
Start importing Assets/RoadArchitect/Mesh/RoadObj/Tunnel/GSDTunnel-2L-Lights.FBX using Guid(10967234d9c8c13428d6908c479e92cd) Importer(815301076,1909f56bfc062723c751e8b465ee728b)  -> (artifact id: '226130c189a00b178c33889bdcb9858d') in 0.038802 seconds 
========================================================================
Received Import Request.
  Time since last request: 0.000089 seconds.
  path: Assets/RoadArchitect/Mesh/RoadObj/Signs/FedSigns/GSDSign861-Small.FBX
  artifactKey: Guid(f80c19c5b25b7a94fa2e825a9fe4601b) Importer(815301076,1909f56bfc062723c751e8b465ee728b)
Start importing Assets/RoadArchitect/Mesh/RoadObj/Signs/FedSigns/GSDSign861-Small.FBX using Guid(f80c19c5b25b7a94fa2e825a9fe4601b) Importer(815301076,1909f56bfc062723c751e8b465ee728b)  -> (artifact id: '6a15115cfadb05b4ef187d8d637918bb') in 0.044226 seconds 
========================================================================
Received Import Request.
  Time since last request: 0.000064 seconds.
  path: Assets/RoadArchitect/Mesh/RoadObj/Bridges/BridgeSuspensionPillar-2L.FBX
  artifactKey: Guid(ec512544f151d294c8314f5a816c75ce) Importer(815301076,1909f56bfc062723c751e8b465ee728b)
Start importing Assets/RoadArchitect/Mesh/RoadObj/Bridges/BridgeSuspensionPillar-2L.FBX using Guid(ec512544f151d294c8314f5a816c75ce) Importer(815301076,1909f56bfc062723c751e8b465ee728b)  -> (artifact id: 'ff203c2494e8dc6bf2f9331ec0e678f5') in 0.064526 seconds 
========================================================================
Received Import Request.
  Time since last request: 0.000212 seconds.
  path: Assets/RoadArchitect/Mesh/RoadObj/Railing/GSDRailing3.FBX
  artifactKey: Guid(a3608f1fec267b94f987ed70855d9066) Importer(815301076,1909f56bfc062723c751e8b465ee728b)
Start importing Assets/RoadArchitect/Mesh/RoadObj/Railing/GSDRailing3.FBX using Guid(a3608f1fec267b94f987ed70855d9066) Importer(815301076,1909f56bfc062723c751e8b465ee728b)  -> (artifact id: 'fc23bf7e2ce6d48bbd114981921e4998') in 0.034731 seconds 
========================================================================
Received Import Request.
  Time since last request: 0.000043 seconds.
  path: Assets/RoadArchitect/Mesh/RoadObj/Bridges/BridgePillar1-6L.FBX
  artifactKey: Guid(33ecc8fef9eb70c44bd712c39580527f) Importer(815301076,1909f56bfc062723c751e8b465ee728b)
Start importing Assets/RoadArchitect/Mesh/RoadObj/Bridges/BridgePillar1-6L.FBX using Guid(33ecc8fef9eb70c44bd712c39580527f) Importer(815301076,1909f56bfc062723c751e8b465ee728b)  -> (artifact id: 'e7c40cf2cb1a118fe87ddf55e1cb7c1a') in 0.040438 seconds 
========================================================================
Received Import Request.
  Time since last request: 0.000042 seconds.
  path: Assets/BrokenVector/LowPolyRoadPack/Models/Road Straight 3.dae
  artifactKey: Guid(628ab3e2fbe6f144d8ab49b2ef8846df) Importer(815301076,1909f56bfc062723c751e8b465ee728b)
Start importing Assets/BrokenVector/LowPolyRoadPack/Models/Road Straight 3.dae using Guid(628ab3e2fbe6f144d8ab49b2ef8846df) Importer(815301076,1909f56bfc062723c751e8b465ee728b)  -> (artifact id: 'ff4d29f2f2977e23ed8533940de273ab') in 0.041257 seconds 
========================================================================
Received Import Request.
  Time since last request: 0.000054 seconds.
  path: Assets/RoadArchitect/Mesh/RoadObj/Bridges/BridgePillar4.FBX
  artifactKey: Guid(8436f03dce30dba4f8ee7b3ff21f34d8) Importer(815301076,1909f56bfc062723c751e8b465ee728b)
Start importing Assets/RoadArchitect/Mesh/RoadObj/Bridges/BridgePillar4.FBX using Guid(8436f03dce30dba4f8ee7b3ff21f34d8) Importer(815301076,1909f56bfc062723c751e8b465ee728b)  -> (artifact id: 'a4c5b1058a6d9d00af8a24b2d0c4699a') in 0.038062 seconds 
========================================================================
Received Import Request.
  Time since last request: 0.000091 seconds.
  path: Assets/RoadArchitect/Mesh/RoadObj/Bridges/SuspCableHolder.fbx
  artifactKey: Guid(a6cec54027494cd499774106da25b029) Importer(815301076,1909f56bfc062723c751e8b465ee728b)
Start importing Assets/RoadArchitect/Mesh/RoadObj/Bridges/SuspCableHolder.fbx using Guid(a6cec54027494cd499774106da25b029) Importer(815301076,1909f56bfc062723c751e8b465ee728b)  -> (artifact id: '285d178641042def27d6e817f7dd7745') in 0.040875 seconds 
========================================================================
Received Import Request.
  Time since last request: 0.000033 seconds.
  path: Assets/BrokenVector/LowPolyRoadPack/Demo/Landscape/Houses.007.dae
  artifactKey: Guid(3e00f6b092fa0844290d6e031b6aa3db) Importer(815301076,1909f56bfc062723c751e8b465ee728b)
Start importing Assets/BrokenVector/LowPolyRoadPack/Demo/Landscape/Houses.007.dae using Guid(3e00f6b092fa0844290d6e031b6aa3db) Importer(815301076,1909f56bfc062723c751e8b465ee728b)  -> (artifact id: '66d54f36f48daef9502d1fc45d8b1922') in 0.033375 seconds 
========================================================================
Received Import Request.
  Time since last request: 0.000076 seconds.
  path: Assets/RoadArchitect/Mesh/RoadObj/GSDWBeam1.FBX
  artifactKey: Guid(0f9ab183cb57bd1449134606720b1d28) Importer(815301076,1909f56bfc062723c751e8b465ee728b)
Start importing Assets/RoadArchitect/Mesh/RoadObj/GSDWBeam1.FBX using Guid(0f9ab183cb57bd1449134606720b1d28) Importer(815301076,1909f56bfc062723c751e8b465ee728b)  -> (artifact id: 'a312e4e4e6d593dcf19e80608c3e8b1c') in 0.035036 seconds 
========================================================================
Received Import Request.
  Time since last request: 0.000034 seconds.
  path: Assets/RoadArchitect/Mesh/RoadObj/Signs/FedSigns/GSDSign617-Small.FBX
  artifactKey: Guid(c4b46b1d4aaad3f478f7a0d90c3551d8) Importer(815301076,1909f56bfc062723c751e8b465ee728b)
Start importing Assets/RoadArchitect/Mesh/RoadObj/Signs/FedSigns/GSDSign617-Small.FBX using Guid(c4b46b1d4aaad3f478f7a0d90c3551d8) Importer(815301076,1909f56bfc062723c751e8b465ee728b)  -> (artifact id: '1a548200c29ab434c9d5b62f032c5077') in 0.035003 seconds 
========================================================================
Received Import Request.
  Time since last request: 0.000023 seconds.
  path: Assets/RoadArchitect/Mesh/RoadObj/Bridges/BridgeBase6-2L.FBX
  artifactKey: Guid(7298337b91ac09c43a08e5ab5add18d3) Importer(815301076,1909f56bfc062723c751e8b465ee728b)
Start importing Assets/RoadArchitect/Mesh/RoadObj/Bridges/BridgeBase6-2L.FBX using Guid(7298337b91ac09c43a08e5ab5add18d3) Importer(815301076,1909f56bfc062723c751e8b465ee728b)  -> (artifact id: '3edcdd81bb6ddfc45bb3120ce5b28aec') in 0.032916 seconds 
========================================================================
Received Import Request.
  Time since last request: 0.000035 seconds.
  path: Assets/RoadArchitect/Mesh/RoadObj/Interactive/GSDWarningSign_Static.prefab
  artifactKey: Guid(9ec7dcea655dfa441ae8a2a371ed0b42) Importer(815301076,1909f56bfc062723c751e8b465ee728b)
Start importing Assets/RoadArchitect/Mesh/RoadObj/Interactive/GSDWarningSign_Static.prefab using Guid(9ec7dcea655dfa441ae8a2a371ed0b42) Importer(815301076,1909f56bfc062723c751e8b465ee728b)  -> (artifact id: '6a0b0537e92fb9de18cab57893771002') in 0.055138 seconds 
========================================================================
Received Import Request.
  Time since last request: 0.000027 seconds.
  path: Assets/RoadArchitect/Mesh/RoadObj/Signs/GSDStreetLight_TrafficLight.prefab
  artifactKey: Guid(c08f5edda85dafa4592b4df24fd341e2) Importer(815301076,1909f56bfc062723c751e8b465ee728b)
Start importing Assets/RoadArchitect/Mesh/RoadObj/Signs/GSDStreetLight_TrafficLight.prefab using Guid(c08f5edda85dafa4592b4df24fd341e2) Importer(815301076,1909f56bfc062723c751e8b465ee728b)  -> (artifact id: '02a0ccf7cc36cb593a27c657fb66839d') in 0.034574 seconds 
========================================================================
Received Import Request.
  Time since last request: 0.000093 seconds.
  path: Assets/RoadArchitect/Mesh/RoadObj/Railing/GSDRailingBase1.FBX
  artifactKey: Guid(c23de4c6b95e6234db332e526d8b9446) Importer(815301076,1909f56bfc062723c751e8b465ee728b)
Start importing Assets/RoadArchitect/Mesh/RoadObj/Railing/GSDRailingBase1.FBX using Guid(c23de4c6b95e6234db332e526d8b9446) Importer(815301076,1909f56bfc062723c751e8b465ee728b)  -> (artifact id: '41f886ad06e0b55b7cd4d0590bfebd96') in 0.027146 seconds 
========================================================================
Received Import Request.
  Time since last request: 0.000044 seconds.
  path: Assets/Barmetler/Road System/Demo/Prefabs/Objects/Straight.prefab
  artifactKey: Guid(9115a2419864b874e8cdb22e61765149) Importer(815301076,1909f56bfc062723c751e8b465ee728b)
Start importing Assets/Barmetler/Road System/Demo/Prefabs/Objects/Straight.prefab using Guid(9115a2419864b874e8cdb22e61765149) Importer(815301076,1909f56bfc062723c751e8b465ee728b)  -> (artifact id: 'c16472c3b3d8b95e7c70c295cf2424fc') in 0.034057 seconds 
========================================================================
Received Import Request.
  Time since last request: 0.000043 seconds.
  path: Assets/BrokenVector/LowPolyRoadPack/Prefabs/Road Straight 1.prefab
  artifactKey: Guid(1b5a40444f59ff64997f9b2966f28a54) Importer(815301076,1909f56bfc062723c751e8b465ee728b)
Start importing Assets/BrokenVector/LowPolyRoadPack/Prefabs/Road Straight 1.prefab using Guid(1b5a40444f59ff64997f9b2966f28a54) Importer(815301076,1909f56bfc062723c751e8b465ee728b)  -> (artifact id: '3c272ff9b44d57364f504ba79fbefc23') in 0.024901 seconds 
========================================================================
Received Import Request.
  Time since last request: 0.000032 seconds.
  path: Assets/RoadArchitect/Mesh/RoadObj/Railing/GSDRailing2.prefab
  artifactKey: Guid(852b84375cf62454db634d3da86dd4d4) Importer(815301076,1909f56bfc062723c751e8b465ee728b)
Start importing Assets/RoadArchitect/Mesh/RoadObj/Railing/GSDRailing2.prefab using Guid(852b84375cf62454db634d3da86dd4d4) Importer(815301076,1909f56bfc062723c751e8b465ee728b)  -> (artifact id: 'e56f4a4aa5148584acc52b220ecb4512') in 0.025493 seconds 
========================================================================
Received Import Request.
  Time since last request: 0.000047 seconds.
  path: Assets/RoadArchitect/Mesh/RoadObj/Railing/GSDRailingBase2.prefab
  artifactKey: Guid(31ebe887d17eec247a71d3916d9214a2) Importer(815301076,1909f56bfc062723c751e8b465ee728b)
Start importing Assets/RoadArchitect/Mesh/RoadObj/Railing/GSDRailingBase2.prefab using Guid(31ebe887d17eec247a71d3916d9214a2) Importer(815301076,1909f56bfc062723c751e8b465ee728b)  -> (artifact id: '06108ce687063375dc5bb820bd474681') in 0.022104 seconds 
========================================================================
Received Import Request.
  Time since last request: 0.000043 seconds.
  path: Assets/RoadArchitect/Mesh/RoadObj/Bridges/SuspBridgeBase-4L-40M-Cap.FBX
  artifactKey: Guid(442472c65784aef4eb1357cdfeeb8799) Importer(815301076,1909f56bfc062723c751e8b465ee728b)
Start importing Assets/RoadArchitect/Mesh/RoadObj/Bridges/SuspBridgeBase-4L-40M-Cap.FBX using Guid(442472c65784aef4eb1357cdfeeb8799) Importer(815301076,1909f56bfc062723c751e8b465ee728b)  -> (artifact id: '8d84b34312022e156d05ca1d37124d12') in 0.039803 seconds 
========================================================================
Received Import Request.
  Time since last request: 0.000073 seconds.
  path: Assets/RoadArchitect/Mesh/RoadObj/Signs/GSDSignYieldOnGreen.FBX
  artifactKey: Guid(cdce4628eb99b05439f2e19a7e80a591) Importer(815301076,1909f56bfc062723c751e8b465ee728b)
Start importing Assets/RoadArchitect/Mesh/RoadObj/Signs/GSDSignYieldOnGreen.FBX using Guid(cdce4628eb99b05439f2e19a7e80a591) Importer(815301076,1909f56bfc062723c751e8b465ee728b)  -> (artifact id: '041d57e8d22291dff439d93c7816e9d9') in 0.038163 seconds 
========================================================================
Received Import Request.
  Time since last request: 0.000033 seconds.
  path: Assets/BrokenVector/LowPolyRoadPack/Models/SingleLane Straight 2.dae
  artifactKey: Guid(78a8961655872db4b843048acb88450a) Importer(815301076,1909f56bfc062723c751e8b465ee728b)
Start importing Assets/BrokenVector/LowPolyRoadPack/Models/SingleLane Straight 2.dae using Guid(78a8961655872db4b843048acb88450a) Importer(815301076,1909f56bfc062723c751e8b465ee728b)  -> (artifact id: '9e810d78eef88ca5b83c4ebc7491878d') in 0.030277 seconds 
========================================================================
Received Import Request.
  Time since last request: 0.000048 seconds.
  path: Assets/RoadArchitect/Mesh/RoadObj/Signs/GSDTrafficLightLeftYield.FBX
  artifactKey: Guid(0ea67dcb3c9a80945843eb74a0ad31f3) Importer(815301076,1909f56bfc062723c751e8b465ee728b)
Start importing Assets/RoadArchitect/Mesh/RoadObj/Signs/GSDTrafficLightLeftYield.FBX using Guid(0ea67dcb3c9a80945843eb74a0ad31f3) Importer(815301076,1909f56bfc062723c751e8b465ee728b)  -> (artifact id: '65b3c86ce1f2af545737828c89951775') in 0.058374 seconds 
========================================================================
Received Prepare
Registering precompiled user dll's ...
Registered in 0.011105 seconds.
Begin MonoManager ReloadAssembly
Symbol file LoadedFromMemory doesn't match image C:\Users\user\Desktop\CarGame\Library\PackageCache\com.unity.visualscripting@1.7.8\Editor\VisualScripting.Core\Dependencies\YamlDotNet\Unity.VisualScripting.YamlDotNet.dll
Symbol file LoadedFromMemory doesn't match image C:\Users\user\Desktop\CarGame\Library\PackageCache\com.unity.visualscripting@1.7.8\Editor\VisualScripting.Core\Dependencies\DotNetZip\Unity.VisualScripting.IonicZip.dll
Native extension for WindowsStandalone target not found
Refreshing native plugins compatible for Editor in 0.99 ms, found 3 plugins.
Preloading 0 native plugins for Editor in 0.00 ms.
Mono: successfully reloaded assembly
- Completed reload, in  1.304 seconds
Domain Reload Profiling:
	ReloadAssembly (1305ms)
		BeginReloadAssembly (193ms)
			ExecutionOrderSort (0ms)
			DisableScriptedObjects (10ms)
			BackupInstance (0ms)
			ReleaseScriptingObjects (0ms)
			CreateAndSetChildDomain (60ms)
		EndReloadAssembly (987ms)
			LoadAssemblies (128ms)
			RebuildTransferFunctionScriptingTraits (0ms)
			SetupTypeCache (281ms)
			ReleaseScriptCaches (3ms)
			RebuildScriptCaches (44ms)
			SetupLoadedEditorAssemblies (471ms)
				LogAssemblyErrors (0ms)
				InitializePlatformSupportModulesInManaged (11ms)
				SetLoadedEditorAssemblies (0ms)
				RefreshPlugins (1ms)
				BeforeProcessingInitializeOnLoad (68ms)
				ProcessInitializeOnLoadAttributes (277ms)
				ProcessInitializeOnLoadMethodAttributes (100ms)
				AfterProcessingInitializeOnLoad (13ms)
				EditorAssembliesLoaded (0ms)
			ExecutionOrderSort2 (0ms)
			AwakeInstancesAfterBackupRestoration (33ms)
Platform modules already initialized, skipping
Refreshing native plugins compatible for Editor in 5.83 ms, found 3 plugins.
Preloading 0 native plugins for Editor in 0.00 ms.
Unloading 5143 Unused Serialized files (Serialized files now loaded: 0)
Unloading 26 unused Assets / (0.6 MB). Loaded Objects now: 5809.
Memory consumption went from 213.3 MB to 212.8 MB.
Total: 8.076100 ms (FindLiveObjects: 0.995200 ms CreateObjectMapping: 0.824000 ms MarkObjects: 5.717400 ms  DeleteObjects: 0.536900 ms)

AssetImportParameters requested are different than current active one (requested -> active):
  custom:video-decoder-ogg-theora: a1e56fd34408186e4bbccfd4996cb3dc -> 
  custom:container-muxer-webm: aa71ff27fc2769a1b78a27578f13a17b -> 
  custom:container-demuxer-webm: 4f35f7cbe854078d1ac9338744f61a02 -> 
  custom:video-encoder-webm-vp8: eb34c28f22e8b96e1ab97ce403110664 -> 
  custom:video-codec-MediaFoundation-h265: 746d11721c4dcdbdad8f713fa42b33f4 -> 
  custom:audio-encoder-webm-vorbis: bf7c407c2cedff20999df2af8eb42d56 -> 
  custom:framework-win-MediaFoundation: 216162199b28c13a410421893ffa2e32 -> 
  custom:container-demuxer-ogg: 62fdf1f143b41e24485cea50d1cbac27 -> 
  custom:video-decoder-webm-vp8: 9c59270c3fd7afecdb556c50c9e8de78 -> 
  custom:audio-decoder-ogg-vorbis: bf7c407c2cedff20999df2af8eb42d56 -> 
Editor requested this worker to shutdown with reason: Scaling down because of idle timeout
AssetImportWorker is now disconnected from the server
Process exiting
Exiting without the bug reporter. Application will terminate with return code 0