Using pre-set license
Built from '2021.3/staging' branch; Version is '2021.3.8f1 (b30333d56e81) revision 11731763'; Using compiler version '192829333'; Build Type 'Release'
OS: 'Windows 10  (10.0.19044) 64bit Professional' Language: 'ko' Physical Memory: 16121 MB
BatchMode: 1, IsHumanControllingUs: 0, StartBugReporterOnCrash: 0, Is64bit: 1, IsPro: 1

COMMAND LINE ARGUMENTS:
C:\Program Files\Unity\Hub\Editor\2021.3.8f1\Editor\Unity.exe
-adb2
-batchMode
-noUpm
-name
AssetImportWorker6
-projectPath
C:/Users/user/Documents/Bureung-Bureung_car/CarGame
-logFile
Logs/AssetImportWorker6.log
-srvPort
60033
Successfully changed project path to: C:/Users/user/Documents/Bureung-Bureung_car/CarGame
C:/Users/user/Documents/Bureung-Bureung_car/CarGame
[UnityMemory] Configuration Parameters - Can be set up in boot.config
    "memorysetup-bucket-allocator-granularity=16"
    "memorysetup-bucket-allocator-bucket-count=8"
    "memorysetup-bucket-allocator-block-size=33554432"
    "memorysetup-bucket-allocator-block-count=8"
    "memorysetup-main-allocator-block-size=16777216"
    "memorysetup-thread-allocator-block-size=16777216"
    "memorysetup-gfx-main-allocator-block-size=16777216"
    "memorysetup-gfx-thread-allocator-block-size=16777216"
    "memorysetup-cache-allocator-block-size=4194304"
    "memorysetup-typetree-allocator-block-size=2097152"
    "memorysetup-profiler-bucket-allocator-granularity=16"
    "memorysetup-profiler-bucket-allocator-bucket-count=8"
    "memorysetup-profiler-bucket-allocator-block-size=33554432"
    "memorysetup-profiler-bucket-allocator-block-count=8"
    "memorysetup-profiler-allocator-block-size=16777216"
    "memorysetup-profiler-editor-allocator-block-size=1048576"
    "memorysetup-temp-allocator-size-main=16777216"
    "memorysetup-job-temp-allocator-block-size=2097152"
    "memorysetup-job-temp-allocator-block-size-background=1048576"
    "memorysetup-job-temp-allocator-reduction-small-platforms=262144"
    "memorysetup-temp-allocator-size-background-worker=32768"
    "memorysetup-temp-allocator-size-job-worker=262144"
    "memorysetup-temp-allocator-size-preload-manager=33554432"
    "memorysetup-temp-allocator-size-nav-mesh-worker=65536"
    "memorysetup-temp-allocator-size-audio-worker=65536"
    "memorysetup-temp-allocator-size-cloud-worker=32768"
    "memorysetup-temp-allocator-size-gi-baking-worker=262144"
    "memorysetup-temp-allocator-size-gfx=262144"
Refreshing native plugins compatible for Editor in 176.00 ms, found 3 plugins.
Preloading 0 native plugins for Editor in 0.00 ms.
Initialize engine version: 2021.3.8f1 (b30333d56e81)
[Subsystems] Discovering subsystems at path C:/Program Files/Unity/Hub/Editor/2021.3.8f1/Editor/Data/Resources/UnitySubsystems
[Subsystems] Discovering subsystems at path C:/Users/user/Documents/Bureung-Bureung_car/CarGame/Assets
GfxDevice: creating device client; threaded=0; jobified=0
Direct3D:
    Version:  Direct3D 11.0 [level 11.1]
    Renderer: NVIDIA GeForce RTX 3050 Ti Laptop GPU (ID=0x25a0)
    Vendor:   NVIDIA
    VRAM:     3990 MB
    Driver:   30.0.15.1215
Initialize mono
Mono path[0] = 'C:/Program Files/Unity/Hub/Editor/2021.3.8f1/Editor/Data/Managed'
Mono path[1] = 'C:/Program Files/Unity/Hub/Editor/2021.3.8f1/Editor/Data/MonoBleedingEdge/lib/mono/unityjit-win32'
Mono config path = 'C:/Program Files/Unity/Hub/Editor/2021.3.8f1/Editor/Data/MonoBleedingEdge/etc'
Using monoOptions --debugger-agent=transport=dt_socket,embedding=1,server=y,suspend=n,address=127.0.0.1:56844
Begin MonoManager ReloadAssembly
Registering precompiled unity dll's ...
Register platform support module: C:/Program Files/Unity/Hub/Editor/2021.3.8f1/Editor/Data/PlaybackEngines/WindowsStandaloneSupport/UnityEditor.WindowsStandalone.Extensions.dll
Registered in 0.016885 seconds.
Native extension for WindowsStandalone target not found
Refreshing native plugins compatible for Editor in 153.87 ms, found 3 plugins.
Preloading 0 native plugins for Editor in 0.00 ms.
Mono: successfully reloaded assembly
- Completed reload, in  0.909 seconds
Domain Reload Profiling:
	ReloadAssembly (910ms)
		BeginReloadAssembly (100ms)
			ExecutionOrderSort (0ms)
			DisableScriptedObjects (0ms)
			BackupInstance (0ms)
			ReleaseScriptingObjects (0ms)
			CreateAndSetChildDomain (1ms)
		EndReloadAssembly (646ms)
			LoadAssemblies (96ms)
			RebuildTransferFunctionScriptingTraits (0ms)
			SetupTypeCache (153ms)
			ReleaseScriptCaches (0ms)
			RebuildScriptCaches (36ms)
			SetupLoadedEditorAssemblies (382ms)
				LogAssemblyErrors (0ms)
				InitializePlatformSupportModulesInManaged (10ms)
				SetLoadedEditorAssemblies (0ms)
				RefreshPlugins (154ms)
				BeforeProcessingInitializeOnLoad (3ms)
				ProcessInitializeOnLoadAttributes (169ms)
				ProcessInitializeOnLoadMethodAttributes (47ms)
				AfterProcessingInitializeOnLoad (0ms)
				EditorAssembliesLoaded (0ms)
			ExecutionOrderSort2 (0ms)
			AwakeInstancesAfterBackupRestoration (0ms)
Platform modules already initialized, skipping
Registering precompiled user dll's ...
Registered in 0.007238 seconds.
Begin MonoManager ReloadAssembly
Symbol file LoadedFromMemory doesn't match image C:\Users\user\Documents\Bureung-Bureung_car\CarGame\Library\PackageCache\com.unity.visualscripting@1.7.8\Editor\VisualScripting.Core\Dependencies\YamlDotNet\Unity.VisualScripting.YamlDotNet.dll
Symbol file LoadedFromMemory doesn't match image C:\Users\user\Documents\Bureung-Bureung_car\CarGame\Library\PackageCache\com.unity.visualscripting@1.7.8\Editor\VisualScripting.Core\Dependencies\DotNetZip\Unity.VisualScripting.IonicZip.dll
Native extension for WindowsStandalone target not found
Refreshing native plugins compatible for Editor in 130.13 ms, found 3 plugins.
Preloading 0 native plugins for Editor in 0.00 ms.
Mono: successfully reloaded assembly
- Completed reload, in  1.578 seconds
Domain Reload Profiling:
	ReloadAssembly (1580ms)
		BeginReloadAssembly (147ms)
			ExecutionOrderSort (0ms)
			DisableScriptedObjects (7ms)
			BackupInstance (0ms)
			ReleaseScriptingObjects (0ms)
			CreateAndSetChildDomain (30ms)
		EndReloadAssembly (1285ms)
			LoadAssemblies (122ms)
			RebuildTransferFunctionScriptingTraits (0ms)
			SetupTypeCache (338ms)
			ReleaseScriptCaches (2ms)
			RebuildScriptCaches (79ms)
			SetupLoadedEditorAssemblies (689ms)
				LogAssemblyErrors (0ms)
				InitializePlatformSupportModulesInManaged (5ms)
				SetLoadedEditorAssemblies (0ms)
				RefreshPlugins (130ms)
				BeforeProcessingInitializeOnLoad (133ms)
				ProcessInitializeOnLoadAttributes (319ms)
				ProcessInitializeOnLoadMethodAttributes (91ms)
				AfterProcessingInitializeOnLoad (10ms)
				EditorAssembliesLoaded (0ms)
			ExecutionOrderSort2 (0ms)
			AwakeInstancesAfterBackupRestoration (13ms)
Platform modules already initialized, skipping
========================================================================
Worker process is ready to serve import requests
Launched and connected shader compiler UnityShaderCompiler.exe after 0.07 seconds
Refreshing native plugins compatible for Editor in 1.87 ms, found 3 plugins.
Preloading 0 native plugins for Editor in 0.00 ms.
Unloading 5269 Unused Serialized files (Serialized files now loaded: 0)
Unloading 44 unused Assets / (414.6 KB). Loaded Objects now: 5747.
Memory consumption went from 293.0 MB to 292.5 MB.
Total: 4.681700 ms (FindLiveObjects: 0.468300 ms CreateObjectMapping: 0.253800 ms MarkObjects: 3.760200 ms  DeleteObjects: 0.197900 ms)

AssetImportParameters requested are different than current active one (requested -> active):
  custom:video-decoder-ogg-theora: a1e56fd34408186e4bbccfd4996cb3dc -> 
  custom:container-muxer-webm: aa71ff27fc2769a1b78a27578f13a17b -> 
  custom:container-demuxer-webm: 4f35f7cbe854078d1ac9338744f61a02 -> 
  custom:video-encoder-webm-vp8: eb34c28f22e8b96e1ab97ce403110664 -> 
  custom:video-codec-MediaFoundation-h265: 746d11721c4dcdbdad8f713fa42b33f4 -> 
  custom:audio-encoder-webm-vorbis: bf7c407c2cedff20999df2af8eb42d56 -> 
  custom:framework-win-MediaFoundation: 216162199b28c13a410421893ffa2e32 -> 
  custom:container-demuxer-ogg: 62fdf1f143b41e24485cea50d1cbac27 -> 
  custom:video-decoder-webm-vp8: 9c59270c3fd7afecdb556c50c9e8de78 -> 
  custom:audio-decoder-ogg-vorbis: bf7c407c2cedff20999df2af8eb42d56 -> 
========================================================================
Received Prepare
Registering precompiled user dll's ...
Registered in 0.009285 seconds.
Begin MonoManager ReloadAssembly
Symbol file LoadedFromMemory doesn't match image C:\Users\user\Documents\Bureung-Bureung_car\CarGame\Library\PackageCache\com.unity.visualscripting@1.7.8\Editor\VisualScripting.Core\Dependencies\YamlDotNet\Unity.VisualScripting.YamlDotNet.dll
Symbol file LoadedFromMemory doesn't match image C:\Users\user\Documents\Bureung-Bureung_car\CarGame\Library\PackageCache\com.unity.visualscripting@1.7.8\Editor\VisualScripting.Core\Dependencies\DotNetZip\Unity.VisualScripting.IonicZip.dll
Native extension for WindowsStandalone target not found
Refreshing native plugins compatible for Editor in 1.55 ms, found 3 plugins.
Preloading 0 native plugins for Editor in 0.00 ms.
Mono: successfully reloaded assembly
- Completed reload, in  1.362 seconds
Domain Reload Profiling:
	ReloadAssembly (1363ms)
		BeginReloadAssembly (200ms)
			ExecutionOrderSort (0ms)
			DisableScriptedObjects (6ms)
			BackupInstance (0ms)
			ReleaseScriptingObjects (0ms)
			CreateAndSetChildDomain (60ms)
		EndReloadAssembly (1002ms)
			LoadAssemblies (161ms)
			RebuildTransferFunctionScriptingTraits (0ms)
			SetupTypeCache (266ms)
			ReleaseScriptCaches (2ms)
			RebuildScriptCaches (39ms)
			SetupLoadedEditorAssemblies (488ms)
				LogAssemblyErrors (0ms)
				InitializePlatformSupportModulesInManaged (13ms)
				SetLoadedEditorAssemblies (0ms)
				RefreshPlugins (2ms)
				BeforeProcessingInitializeOnLoad (89ms)
				ProcessInitializeOnLoadAttributes (269ms)
				ProcessInitializeOnLoadMethodAttributes (102ms)
				AfterProcessingInitializeOnLoad (12ms)
				EditorAssembliesLoaded (0ms)
			ExecutionOrderSort2 (0ms)
			AwakeInstancesAfterBackupRestoration (24ms)
Platform modules already initialized, skipping
Refreshing native plugins compatible for Editor in 2.24 ms, found 3 plugins.
Preloading 0 native plugins for Editor in 0.00 ms.
Unloading 5128 Unused Serialized files (Serialized files now loaded: 0)
Unloading 25 unused Assets / (380.6 KB). Loaded Objects now: 5762.
Memory consumption went from 284.1 MB to 283.8 MB.
Total: 4.424800 ms (FindLiveObjects: 0.348200 ms CreateObjectMapping: 0.382400 ms MarkObjects: 3.633400 ms  DeleteObjects: 0.060000 ms)

AssetImportParameters requested are different than current active one (requested -> active):
  custom:video-decoder-ogg-theora: a1e56fd34408186e4bbccfd4996cb3dc -> 
  custom:container-muxer-webm: aa71ff27fc2769a1b78a27578f13a17b -> 
  custom:container-demuxer-webm: 4f35f7cbe854078d1ac9338744f61a02 -> 
  custom:video-encoder-webm-vp8: eb34c28f22e8b96e1ab97ce403110664 -> 
  custom:video-codec-MediaFoundation-h265: 746d11721c4dcdbdad8f713fa42b33f4 -> 
  custom:audio-encoder-webm-vorbis: bf7c407c2cedff20999df2af8eb42d56 -> 
  custom:framework-win-MediaFoundation: 216162199b28c13a410421893ffa2e32 -> 
  custom:container-demuxer-ogg: 62fdf1f143b41e24485cea50d1cbac27 -> 
  custom:video-decoder-webm-vp8: 9c59270c3fd7afecdb556c50c9e8de78 -> 
  custom:audio-decoder-ogg-vorbis: bf7c407c2cedff20999df2af8eb42d56 -> 
========================================================================
Received Prepare
Registering precompiled user dll's ...
Registered in 0.009312 seconds.
Begin MonoManager ReloadAssembly
Symbol file LoadedFromMemory doesn't match image C:\Users\user\Documents\Bureung-Bureung_car\CarGame\Library\PackageCache\com.unity.visualscripting@1.7.8\Editor\VisualScripting.Core\Dependencies\YamlDotNet\Unity.VisualScripting.YamlDotNet.dll
Symbol file LoadedFromMemory doesn't match image C:\Users\user\Documents\Bureung-Bureung_car\CarGame\Library\PackageCache\com.unity.visualscripting@1.7.8\Editor\VisualScripting.Core\Dependencies\DotNetZip\Unity.VisualScripting.IonicZip.dll
Native extension for WindowsStandalone target not found
Refreshing native plugins compatible for Editor in 2.51 ms, found 3 plugins.
Preloading 0 native plugins for Editor in 0.00 ms.
Mono: successfully reloaded assembly
- Completed reload, in  1.418 seconds
Domain Reload Profiling:
	ReloadAssembly (1418ms)
		BeginReloadAssembly (154ms)
			ExecutionOrderSort (0ms)
			DisableScriptedObjects (6ms)
			BackupInstance (0ms)
			ReleaseScriptingObjects (0ms)
			CreateAndSetChildDomain (46ms)
		EndReloadAssembly (1131ms)
			LoadAssemblies (112ms)
			RebuildTransferFunctionScriptingTraits (0ms)
			SetupTypeCache (328ms)
			ReleaseScriptCaches (5ms)
			RebuildScriptCaches (73ms)
			SetupLoadedEditorAssemblies (538ms)
				LogAssemblyErrors (0ms)
				InitializePlatformSupportModulesInManaged (17ms)
				SetLoadedEditorAssemblies (0ms)
				RefreshPlugins (3ms)
				BeforeProcessingInitializeOnLoad (128ms)
				ProcessInitializeOnLoadAttributes (289ms)
				ProcessInitializeOnLoadMethodAttributes (90ms)
				AfterProcessingInitializeOnLoad (11ms)
				EditorAssembliesLoaded (0ms)
			ExecutionOrderSort2 (0ms)
			AwakeInstancesAfterBackupRestoration (23ms)
Platform modules already initialized, skipping
Refreshing native plugins compatible for Editor in 3.03 ms, found 3 plugins.
Preloading 0 native plugins for Editor in 0.00 ms.
Unloading 5128 Unused Serialized files (Serialized files now loaded: 0)
Unloading 25 unused Assets / (380.6 KB). Loaded Objects now: 5777.
Memory consumption went from 284.2 MB to 283.8 MB.
Total: 5.454700 ms (FindLiveObjects: 0.350400 ms CreateObjectMapping: 0.205100 ms MarkObjects: 4.806300 ms  DeleteObjects: 0.092000 ms)

AssetImportParameters requested are different than current active one (requested -> active):
  custom:video-decoder-ogg-theora: a1e56fd34408186e4bbccfd4996cb3dc -> 
  custom:container-muxer-webm: aa71ff27fc2769a1b78a27578f13a17b -> 
  custom:container-demuxer-webm: 4f35f7cbe854078d1ac9338744f61a02 -> 
  custom:video-encoder-webm-vp8: eb34c28f22e8b96e1ab97ce403110664 -> 
  custom:video-codec-MediaFoundation-h265: 746d11721c4dcdbdad8f713fa42b33f4 -> 
  custom:audio-encoder-webm-vorbis: bf7c407c2cedff20999df2af8eb42d56 -> 
  custom:framework-win-MediaFoundation: 216162199b28c13a410421893ffa2e32 -> 
  custom:container-demuxer-ogg: 62fdf1f143b41e24485cea50d1cbac27 -> 
  custom:video-decoder-webm-vp8: 9c59270c3fd7afecdb556c50c9e8de78 -> 
  custom:audio-decoder-ogg-vorbis: bf7c407c2cedff20999df2af8eb42d56 -> 
========================================================================
Received Prepare
Registering precompiled user dll's ...
Registered in 0.009334 seconds.
Begin MonoManager ReloadAssembly
Symbol file LoadedFromMemory doesn't match image C:\Users\user\Documents\Bureung-Bureung_car\CarGame\Library\PackageCache\com.unity.visualscripting@1.7.8\Editor\VisualScripting.Core\Dependencies\YamlDotNet\Unity.VisualScripting.YamlDotNet.dll
Symbol file LoadedFromMemory doesn't match image C:\Users\user\Documents\Bureung-Bureung_car\CarGame\Library\PackageCache\com.unity.visualscripting@1.7.8\Editor\VisualScripting.Core\Dependencies\DotNetZip\Unity.VisualScripting.IonicZip.dll
Native extension for WindowsStandalone target not found
Refreshing native plugins compatible for Editor in 2.50 ms, found 3 plugins.
Preloading 0 native plugins for Editor in 0.00 ms.
Mono: successfully reloaded assembly
- Completed reload, in  1.539 seconds
Domain Reload Profiling:
	ReloadAssembly (1540ms)
		BeginReloadAssembly (163ms)
			ExecutionOrderSort (0ms)
			DisableScriptedObjects (5ms)
			BackupInstance (0ms)
			ReleaseScriptingObjects (0ms)
			CreateAndSetChildDomain (51ms)
		EndReloadAssembly (1247ms)
			LoadAssemblies (130ms)
			RebuildTransferFunctionScriptingTraits (0ms)
			SetupTypeCache (354ms)
			ReleaseScriptCaches (4ms)
			RebuildScriptCaches (62ms)
			SetupLoadedEditorAssemblies (607ms)
				LogAssemblyErrors (0ms)
				InitializePlatformSupportModulesInManaged (23ms)
				SetLoadedEditorAssemblies (1ms)
				RefreshPlugins (3ms)
				BeforeProcessingInitializeOnLoad (118ms)
				ProcessInitializeOnLoadAttributes (331ms)
				ProcessInitializeOnLoadMethodAttributes (119ms)
				AfterProcessingInitializeOnLoad (13ms)
				EditorAssembliesLoaded (0ms)
			ExecutionOrderSort2 (0ms)
			AwakeInstancesAfterBackupRestoration (23ms)
Platform modules already initialized, skipping
Refreshing native plugins compatible for Editor in 3.34 ms, found 3 plugins.
Preloading 0 native plugins for Editor in 0.00 ms.
Unloading 5128 Unused Serialized files (Serialized files now loaded: 0)
Unloading 25 unused Assets / (380.5 KB). Loaded Objects now: 5792.
Memory consumption went from 284.2 MB to 283.8 MB.
Total: 4.344100 ms (FindLiveObjects: 0.528200 ms CreateObjectMapping: 0.210900 ms MarkObjects: 3.548500 ms  DeleteObjects: 0.054500 ms)

AssetImportParameters requested are different than current active one (requested -> active):
  custom:video-decoder-ogg-theora: a1e56fd34408186e4bbccfd4996cb3dc -> 
  custom:container-muxer-webm: aa71ff27fc2769a1b78a27578f13a17b -> 
  custom:container-demuxer-webm: 4f35f7cbe854078d1ac9338744f61a02 -> 
  custom:video-encoder-webm-vp8: eb34c28f22e8b96e1ab97ce403110664 -> 
  custom:video-codec-MediaFoundation-h265: 746d11721c4dcdbdad8f713fa42b33f4 -> 
  custom:audio-encoder-webm-vorbis: bf7c407c2cedff20999df2af8eb42d56 -> 
  custom:framework-win-MediaFoundation: 216162199b28c13a410421893ffa2e32 -> 
  custom:container-demuxer-ogg: 62fdf1f143b41e24485cea50d1cbac27 -> 
  custom:video-decoder-webm-vp8: 9c59270c3fd7afecdb556c50c9e8de78 -> 
  custom:audio-decoder-ogg-vorbis: bf7c407c2cedff20999df2af8eb42d56 -> 
========================================================================
Received Prepare
Registering precompiled user dll's ...
Registered in 0.008276 seconds.
Begin MonoManager ReloadAssembly
Symbol file LoadedFromMemory doesn't match image C:\Users\user\Documents\Bureung-Bureung_car\CarGame\Library\PackageCache\com.unity.visualscripting@1.7.8\Editor\VisualScripting.Core\Dependencies\YamlDotNet\Unity.VisualScripting.YamlDotNet.dll
Symbol file LoadedFromMemory doesn't match image C:\Users\user\Documents\Bureung-Bureung_car\CarGame\Library\PackageCache\com.unity.visualscripting@1.7.8\Editor\VisualScripting.Core\Dependencies\DotNetZip\Unity.VisualScripting.IonicZip.dll
Native extension for WindowsStandalone target not found
Refreshing native plugins compatible for Editor in 1.04 ms, found 3 plugins.
Preloading 0 native plugins for Editor in 0.00 ms.
Mono: successfully reloaded assembly
- Completed reload, in  1.517 seconds
Domain Reload Profiling:
	ReloadAssembly (1518ms)
		BeginReloadAssembly (172ms)
			ExecutionOrderSort (0ms)
			DisableScriptedObjects (5ms)
			BackupInstance (0ms)
			ReleaseScriptingObjects (0ms)
			CreateAndSetChildDomain (55ms)
		EndReloadAssembly (1188ms)
			LoadAssemblies (141ms)
			RebuildTransferFunctionScriptingTraits (0ms)
			SetupTypeCache (352ms)
			ReleaseScriptCaches (3ms)
			RebuildScriptCaches (66ms)
			SetupLoadedEditorAssemblies (564ms)
				LogAssemblyErrors (0ms)
				InitializePlatformSupportModulesInManaged (16ms)
				SetLoadedEditorAssemblies (0ms)
				RefreshPlugins (1ms)
				BeforeProcessingInitializeOnLoad (123ms)
				ProcessInitializeOnLoadAttributes (314ms)
				ProcessInitializeOnLoadMethodAttributes (100ms)
				AfterProcessingInitializeOnLoad (10ms)
				EditorAssembliesLoaded (0ms)
			ExecutionOrderSort2 (0ms)
			AwakeInstancesAfterBackupRestoration (18ms)
Platform modules already initialized, skipping
Refreshing native plugins compatible for Editor in 2.52 ms, found 3 plugins.
Preloading 0 native plugins for Editor in 0.00 ms.
Unloading 5128 Unused Serialized files (Serialized files now loaded: 0)
Unloading 25 unused Assets / (380.6 KB). Loaded Objects now: 5807.
Memory consumption went from 284.2 MB to 283.8 MB.
Total: 3.852200 ms (FindLiveObjects: 0.346800 ms CreateObjectMapping: 0.351300 ms MarkObjects: 3.075400 ms  DeleteObjects: 0.077400 ms)

AssetImportParameters requested are different than current active one (requested -> active):
  custom:video-decoder-ogg-theora: a1e56fd34408186e4bbccfd4996cb3dc -> 
  custom:container-muxer-webm: aa71ff27fc2769a1b78a27578f13a17b -> 
  custom:container-demuxer-webm: 4f35f7cbe854078d1ac9338744f61a02 -> 
  custom:video-encoder-webm-vp8: eb34c28f22e8b96e1ab97ce403110664 -> 
  custom:video-codec-MediaFoundation-h265: 746d11721c4dcdbdad8f713fa42b33f4 -> 
  custom:audio-encoder-webm-vorbis: bf7c407c2cedff20999df2af8eb42d56 -> 
  custom:framework-win-MediaFoundation: 216162199b28c13a410421893ffa2e32 -> 
  custom:container-demuxer-ogg: 62fdf1f143b41e24485cea50d1cbac27 -> 
  custom:video-decoder-webm-vp8: 9c59270c3fd7afecdb556c50c9e8de78 -> 
  custom:audio-decoder-ogg-vorbis: bf7c407c2cedff20999df2af8eb42d56 -> 
========================================================================
Received Prepare
Registering precompiled user dll's ...
Registered in 0.009942 seconds.
Begin MonoManager ReloadAssembly
Symbol file LoadedFromMemory doesn't match image C:\Users\user\Documents\Bureung-Bureung_car\CarGame\Library\PackageCache\com.unity.visualscripting@1.7.8\Editor\VisualScripting.Core\Dependencies\YamlDotNet\Unity.VisualScripting.YamlDotNet.dll
Symbol file LoadedFromMemory doesn't match image C:\Users\user\Documents\Bureung-Bureung_car\CarGame\Library\PackageCache\com.unity.visualscripting@1.7.8\Editor\VisualScripting.Core\Dependencies\DotNetZip\Unity.VisualScripting.IonicZip.dll
Native extension for WindowsStandalone target not found
Refreshing native plugins compatible for Editor in 1.29 ms, found 3 plugins.
Preloading 0 native plugins for Editor in 0.00 ms.
Mono: successfully reloaded assembly
- Completed reload, in  1.496 seconds
Domain Reload Profiling:
	ReloadAssembly (1496ms)
		BeginReloadAssembly (152ms)
			ExecutionOrderSort (0ms)
			DisableScriptedObjects (4ms)
			BackupInstance (0ms)
			ReleaseScriptingObjects (0ms)
			CreateAndSetChildDomain (54ms)
		EndReloadAssembly (1221ms)
			LoadAssemblies (107ms)
			RebuildTransferFunctionScriptingTraits (0ms)
			SetupTypeCache (344ms)
			ReleaseScriptCaches (4ms)
			RebuildScriptCaches (67ms)
			SetupLoadedEditorAssemblies (614ms)
				LogAssemblyErrors (0ms)
				InitializePlatformSupportModulesInManaged (16ms)
				SetLoadedEditorAssemblies (0ms)
				RefreshPlugins (1ms)
				BeforeProcessingInitializeOnLoad (131ms)
				ProcessInitializeOnLoadAttributes (351ms)
				ProcessInitializeOnLoadMethodAttributes (100ms)
				AfterProcessingInitializeOnLoad (13ms)
				EditorAssembliesLoaded (0ms)
			ExecutionOrderSort2 (0ms)
			AwakeInstancesAfterBackupRestoration (23ms)
Platform modules already initialized, skipping
Refreshing native plugins compatible for Editor in 4.79 ms, found 3 plugins.
Preloading 0 native plugins for Editor in 0.00 ms.
Unloading 5128 Unused Serialized files (Serialized files now loaded: 0)
Unloading 25 unused Assets / (380.5 KB). Loaded Objects now: 5822.
Memory consumption went from 284.2 MB to 283.8 MB.
Total: 3.862600 ms (FindLiveObjects: 0.426400 ms CreateObjectMapping: 0.206900 ms MarkObjects: 3.171900 ms  DeleteObjects: 0.056400 ms)

AssetImportParameters requested are different than current active one (requested -> active):
  custom:video-decoder-ogg-theora: a1e56fd34408186e4bbccfd4996cb3dc -> 
  custom:container-muxer-webm: aa71ff27fc2769a1b78a27578f13a17b -> 
  custom:container-demuxer-webm: 4f35f7cbe854078d1ac9338744f61a02 -> 
  custom:video-encoder-webm-vp8: eb34c28f22e8b96e1ab97ce403110664 -> 
  custom:video-codec-MediaFoundation-h265: 746d11721c4dcdbdad8f713fa42b33f4 -> 
  custom:audio-encoder-webm-vorbis: bf7c407c2cedff20999df2af8eb42d56 -> 
  custom:framework-win-MediaFoundation: 216162199b28c13a410421893ffa2e32 -> 
  custom:container-demuxer-ogg: 62fdf1f143b41e24485cea50d1cbac27 -> 
  custom:video-decoder-webm-vp8: 9c59270c3fd7afecdb556c50c9e8de78 -> 
  custom:audio-decoder-ogg-vorbis: bf7c407c2cedff20999df2af8eb42d56 -> 
========================================================================
Received Prepare
Registering precompiled user dll's ...
Registered in 0.009896 seconds.
Begin MonoManager ReloadAssembly
Symbol file LoadedFromMemory doesn't match image C:\Users\user\Documents\Bureung-Bureung_car\CarGame\Library\PackageCache\com.unity.visualscripting@1.7.8\Editor\VisualScripting.Core\Dependencies\YamlDotNet\Unity.VisualScripting.YamlDotNet.dll
Symbol file LoadedFromMemory doesn't match image C:\Users\user\Documents\Bureung-Bureung_car\CarGame\Library\PackageCache\com.unity.visualscripting@1.7.8\Editor\VisualScripting.Core\Dependencies\DotNetZip\Unity.VisualScripting.IonicZip.dll
Native extension for WindowsStandalone target not found
Refreshing native plugins compatible for Editor in 1.41 ms, found 3 plugins.
Preloading 0 native plugins for Editor in 0.00 ms.
Mono: successfully reloaded assembly
- Completed reload, in  1.490 seconds
Domain Reload Profiling:
	ReloadAssembly (1491ms)
		BeginReloadAssembly (197ms)
			ExecutionOrderSort (0ms)
			DisableScriptedObjects (6ms)
			BackupInstance (0ms)
			ReleaseScriptingObjects (0ms)
			CreateAndSetChildDomain (80ms)
		EndReloadAssembly (1166ms)
			LoadAssemblies (121ms)
			RebuildTransferFunctionScriptingTraits (0ms)
			SetupTypeCache (315ms)
			ReleaseScriptCaches (4ms)
			RebuildScriptCaches (59ms)
			SetupLoadedEditorAssemblies (595ms)
				LogAssemblyErrors (0ms)
				InitializePlatformSupportModulesInManaged (19ms)
				SetLoadedEditorAssemblies (1ms)
				RefreshPlugins (2ms)
				BeforeProcessingInitializeOnLoad (116ms)
				ProcessInitializeOnLoadAttributes (355ms)
				ProcessInitializeOnLoadMethodAttributes (92ms)
				AfterProcessingInitializeOnLoad (11ms)
				EditorAssembliesLoaded (0ms)
			ExecutionOrderSort2 (0ms)
			AwakeInstancesAfterBackupRestoration (23ms)
Platform modules already initialized, skipping
Refreshing native plugins compatible for Editor in 3.45 ms, found 3 plugins.
Preloading 0 native plugins for Editor in 0.00 ms.
Unloading 5128 Unused Serialized files (Serialized files now loaded: 0)
Unloading 25 unused Assets / (380.6 KB). Loaded Objects now: 5837.
Memory consumption went from 284.2 MB to 283.8 MB.
Total: 8.867900 ms (FindLiveObjects: 0.703200 ms CreateObjectMapping: 0.402300 ms MarkObjects: 7.506700 ms  DeleteObjects: 0.253300 ms)

AssetImportParameters requested are different than current active one (requested -> active):
  custom:video-decoder-ogg-theora: a1e56fd34408186e4bbccfd4996cb3dc -> 
  custom:container-muxer-webm: aa71ff27fc2769a1b78a27578f13a17b -> 
  custom:container-demuxer-webm: 4f35f7cbe854078d1ac9338744f61a02 -> 
  custom:video-encoder-webm-vp8: eb34c28f22e8b96e1ab97ce403110664 -> 
  custom:video-codec-MediaFoundation-h265: 746d11721c4dcdbdad8f713fa42b33f4 -> 
  custom:audio-encoder-webm-vorbis: bf7c407c2cedff20999df2af8eb42d56 -> 
  custom:framework-win-MediaFoundation: 216162199b28c13a410421893ffa2e32 -> 
  custom:container-demuxer-ogg: 62fdf1f143b41e24485cea50d1cbac27 -> 
  custom:video-decoder-webm-vp8: 9c59270c3fd7afecdb556c50c9e8de78 -> 
  custom:audio-decoder-ogg-vorbis: bf7c407c2cedff20999df2af8eb42d56 -> 
========================================================================
Received Prepare
Registering precompiled user dll's ...
Registered in 0.008497 seconds.
Begin MonoManager ReloadAssembly
Symbol file LoadedFromMemory doesn't match image C:\Users\user\Documents\Bureung-Bureung_car\CarGame\Library\PackageCache\com.unity.visualscripting@1.7.8\Editor\VisualScripting.Core\Dependencies\YamlDotNet\Unity.VisualScripting.YamlDotNet.dll
Symbol file LoadedFromMemory doesn't match image C:\Users\user\Documents\Bureung-Bureung_car\CarGame\Library\PackageCache\com.unity.visualscripting@1.7.8\Editor\VisualScripting.Core\Dependencies\DotNetZip\Unity.VisualScripting.IonicZip.dll
Native extension for WindowsStandalone target not found
Refreshing native plugins compatible for Editor in 1.80 ms, found 3 plugins.
Preloading 0 native plugins for Editor in 0.00 ms.
Mono: successfully reloaded assembly
- Completed reload, in  1.604 seconds
Domain Reload Profiling:
	ReloadAssembly (1605ms)
		BeginReloadAssembly (184ms)
			ExecutionOrderSort (0ms)
			DisableScriptedObjects (6ms)
			BackupInstance (0ms)
			ReleaseScriptingObjects (0ms)
			CreateAndSetChildDomain (56ms)
		EndReloadAssembly (1292ms)
			LoadAssemblies (133ms)
			RebuildTransferFunctionScriptingTraits (0ms)
			SetupTypeCache (361ms)
			ReleaseScriptCaches (3ms)
			RebuildScriptCaches (65ms)
			SetupLoadedEditorAssemblies (654ms)
				LogAssemblyErrors (0ms)
				InitializePlatformSupportModulesInManaged (19ms)
				SetLoadedEditorAssemblies (1ms)
				RefreshPlugins (2ms)
				BeforeProcessingInitializeOnLoad (119ms)
				ProcessInitializeOnLoadAttributes (369ms)
				ProcessInitializeOnLoadMethodAttributes (133ms)
				AfterProcessingInitializeOnLoad (11ms)
				EditorAssembliesLoaded (0ms)
			ExecutionOrderSort2 (0ms)
			AwakeInstancesAfterBackupRestoration (27ms)
Platform modules already initialized, skipping
Refreshing native plugins compatible for Editor in 2.80 ms, found 3 plugins.
Preloading 0 native plugins for Editor in 0.00 ms.
Unloading 5128 Unused Serialized files (Serialized files now loaded: 0)
Unloading 25 unused Assets / (380.6 KB). Loaded Objects now: 5852.
Memory consumption went from 284.2 MB to 283.9 MB.
Total: 4.734500 ms (FindLiveObjects: 1.301000 ms CreateObjectMapping: 0.762400 ms MarkObjects: 2.600800 ms  DeleteObjects: 0.068800 ms)

AssetImportParameters requested are different than current active one (requested -> active):
  custom:video-decoder-ogg-theora: a1e56fd34408186e4bbccfd4996cb3dc -> 
  custom:container-muxer-webm: aa71ff27fc2769a1b78a27578f13a17b -> 
  custom:container-demuxer-webm: 4f35f7cbe854078d1ac9338744f61a02 -> 
  custom:video-encoder-webm-vp8: eb34c28f22e8b96e1ab97ce403110664 -> 
  custom:video-codec-MediaFoundation-h265: 746d11721c4dcdbdad8f713fa42b33f4 -> 
  custom:audio-encoder-webm-vorbis: bf7c407c2cedff20999df2af8eb42d56 -> 
  custom:framework-win-MediaFoundation: 216162199b28c13a410421893ffa2e32 -> 
  custom:container-demuxer-ogg: 62fdf1f143b41e24485cea50d1cbac27 -> 
  custom:video-decoder-webm-vp8: 9c59270c3fd7afecdb556c50c9e8de78 -> 
  custom:audio-decoder-ogg-vorbis: bf7c407c2cedff20999df2af8eb42d56 -> 
========================================================================
Received Prepare
Registering precompiled user dll's ...
Registered in 0.009168 seconds.
Begin MonoManager ReloadAssembly
Symbol file LoadedFromMemory doesn't match image C:\Users\user\Documents\Bureung-Bureung_car\CarGame\Library\PackageCache\com.unity.visualscripting@1.7.8\Editor\VisualScripting.Core\Dependencies\YamlDotNet\Unity.VisualScripting.YamlDotNet.dll
Symbol file LoadedFromMemory doesn't match image C:\Users\user\Documents\Bureung-Bureung_car\CarGame\Library\PackageCache\com.unity.visualscripting@1.7.8\Editor\VisualScripting.Core\Dependencies\DotNetZip\Unity.VisualScripting.IonicZip.dll
Native extension for WindowsStandalone target not found
Refreshing native plugins compatible for Editor in 1.05 ms, found 3 plugins.
Preloading 0 native plugins for Editor in 0.00 ms.
Mono: successfully reloaded assembly
- Completed reload, in  1.445 seconds
Domain Reload Profiling:
	ReloadAssembly (1446ms)
		BeginReloadAssembly (190ms)
			ExecutionOrderSort (0ms)
			DisableScriptedObjects (4ms)
			BackupInstance (0ms)
			ReleaseScriptingObjects (0ms)
			CreateAndSetChildDomain (65ms)
		EndReloadAssembly (1146ms)
			LoadAssemblies (133ms)
			RebuildTransferFunctionScriptingTraits (0ms)
			SetupTypeCache (307ms)
			ReleaseScriptCaches (3ms)
			RebuildScriptCaches (52ms)
			SetupLoadedEditorAssemblies (583ms)
				LogAssemblyErrors (0ms)
				InitializePlatformSupportModulesInManaged (13ms)
				SetLoadedEditorAssemblies (0ms)
				RefreshPlugins (1ms)
				BeforeProcessingInitializeOnLoad (87ms)
				ProcessInitializeOnLoadAttributes (353ms)
				ProcessInitializeOnLoadMethodAttributes (117ms)
				AfterProcessingInitializeOnLoad (12ms)
				EditorAssembliesLoaded (0ms)
			ExecutionOrderSort2 (0ms)
			AwakeInstancesAfterBackupRestoration (26ms)
Platform modules already initialized, skipping
Refreshing native plugins compatible for Editor in 4.46 ms, found 3 plugins.
Preloading 0 native plugins for Editor in 0.00 ms.
Unloading 5128 Unused Serialized files (Serialized files now loaded: 0)
Unloading 25 unused Assets / (380.6 KB). Loaded Objects now: 5867.
Memory consumption went from 284.3 MB to 283.9 MB.
Total: 5.768100 ms (FindLiveObjects: 0.678700 ms CreateObjectMapping: 0.857300 ms MarkObjects: 4.104100 ms  DeleteObjects: 0.125400 ms)

AssetImportParameters requested are different than current active one (requested -> active):
  custom:video-decoder-ogg-theora: a1e56fd34408186e4bbccfd4996cb3dc -> 
  custom:container-muxer-webm: aa71ff27fc2769a1b78a27578f13a17b -> 
  custom:container-demuxer-webm: 4f35f7cbe854078d1ac9338744f61a02 -> 
  custom:video-encoder-webm-vp8: eb34c28f22e8b96e1ab97ce403110664 -> 
  custom:video-codec-MediaFoundation-h265: 746d11721c4dcdbdad8f713fa42b33f4 -> 
  custom:audio-encoder-webm-vorbis: bf7c407c2cedff20999df2af8eb42d56 -> 
  custom:framework-win-MediaFoundation: 216162199b28c13a410421893ffa2e32 -> 
  custom:container-demuxer-ogg: 62fdf1f143b41e24485cea50d1cbac27 -> 
  custom:video-decoder-webm-vp8: 9c59270c3fd7afecdb556c50c9e8de78 -> 
  custom:audio-decoder-ogg-vorbis: bf7c407c2cedff20999df2af8eb42d56 -> 
========================================================================
Received Prepare
Registering precompiled user dll's ...
Registered in 0.011072 seconds.
Begin MonoManager ReloadAssembly
Symbol file LoadedFromMemory doesn't match image C:\Users\user\Documents\Bureung-Bureung_car\CarGame\Library\PackageCache\com.unity.visualscripting@1.7.8\Editor\VisualScripting.Core\Dependencies\YamlDotNet\Unity.VisualScripting.YamlDotNet.dll
Symbol file LoadedFromMemory doesn't match image C:\Users\user\Documents\Bureung-Bureung_car\CarGame\Library\PackageCache\com.unity.visualscripting@1.7.8\Editor\VisualScripting.Core\Dependencies\DotNetZip\Unity.VisualScripting.IonicZip.dll
Native extension for WindowsStandalone target not found
Refreshing native plugins compatible for Editor in 1.01 ms, found 3 plugins.
Preloading 0 native plugins for Editor in 0.00 ms.
Mono: successfully reloaded assembly
- Completed reload, in  1.274 seconds
Domain Reload Profiling:
	ReloadAssembly (1275ms)
		BeginReloadAssembly (167ms)
			ExecutionOrderSort (0ms)
			DisableScriptedObjects (6ms)
			BackupInstance (0ms)
			ReleaseScriptingObjects (0ms)
			CreateAndSetChildDomain (47ms)
		EndReloadAssembly (1006ms)
			LoadAssemblies (114ms)
			RebuildTransferFunctionScriptingTraits (0ms)
			SetupTypeCache (299ms)
			ReleaseScriptCaches (3ms)
			RebuildScriptCaches (63ms)
			SetupLoadedEditorAssemblies (472ms)
				LogAssemblyErrors (0ms)
				InitializePlatformSupportModulesInManaged (20ms)
				SetLoadedEditorAssemblies (0ms)
				RefreshPlugins (1ms)
				BeforeProcessingInitializeOnLoad (107ms)
				ProcessInitializeOnLoadAttributes (249ms)
				ProcessInitializeOnLoadMethodAttributes (85ms)
				AfterProcessingInitializeOnLoad (9ms)
				EditorAssembliesLoaded (0ms)
			ExecutionOrderSort2 (0ms)
			AwakeInstancesAfterBackupRestoration (25ms)
Platform modules already initialized, skipping
Refreshing native plugins compatible for Editor in 2.11 ms, found 3 plugins.
Preloading 0 native plugins for Editor in 0.00 ms.
Unloading 5128 Unused Serialized files (Serialized files now loaded: 0)
Unloading 25 unused Assets / (380.5 KB). Loaded Objects now: 5882.
Memory consumption went from 284.3 MB to 283.9 MB.
Total: 4.087200 ms (FindLiveObjects: 0.452300 ms CreateObjectMapping: 0.192400 ms MarkObjects: 3.356600 ms  DeleteObjects: 0.084900 ms)

AssetImportParameters requested are different than current active one (requested -> active):
  custom:video-decoder-ogg-theora: a1e56fd34408186e4bbccfd4996cb3dc -> 
  custom:container-muxer-webm: aa71ff27fc2769a1b78a27578f13a17b -> 
  custom:container-demuxer-webm: 4f35f7cbe854078d1ac9338744f61a02 -> 
  custom:video-encoder-webm-vp8: eb34c28f22e8b96e1ab97ce403110664 -> 
  custom:video-codec-MediaFoundation-h265: 746d11721c4dcdbdad8f713fa42b33f4 -> 
  custom:audio-encoder-webm-vorbis: bf7c407c2cedff20999df2af8eb42d56 -> 
  custom:framework-win-MediaFoundation: 216162199b28c13a410421893ffa2e32 -> 
  custom:container-demuxer-ogg: 62fdf1f143b41e24485cea50d1cbac27 -> 
  custom:video-decoder-webm-vp8: 9c59270c3fd7afecdb556c50c9e8de78 -> 
  custom:audio-decoder-ogg-vorbis: bf7c407c2cedff20999df2af8eb42d56 -> 
========================================================================
Received Import Request.
  Time since last request: 1220423.988091 seconds.
  path: Assets/Zukomazi - Pro Drift Controller v1/Models/volkswagen-corrado-vr6-low-poly-model/Materials/ucb_interior.mat
  artifactKey: Guid(6fb73fc687285a74c821853030aa8d8d) Importer(815301076,1909f56bfc062723c751e8b465ee728b)
Start importing Assets/Zukomazi - Pro Drift Controller v1/Models/volkswagen-corrado-vr6-low-poly-model/Materials/ucb_interior.mat using Guid(6fb73fc687285a74c821853030aa8d8d) Importer(815301076,1909f56bfc062723c751e8b465ee728b)  -> (artifact id: '85f1584b8ef123e0a0b4823e92c44595') in 0.369873 seconds 
========================================================================
Received Import Request.
  Time since last request: 4.524834 seconds.
  path: Assets/Zukomazi - Pro Drift Controller v1/Models/volkswagen-corrado-vr6-low-poly-model/textures/corr_lights.png
  artifactKey: Guid(cf76bda909330b74c9529ec25f645714) Importer(815301076,1909f56bfc062723c751e8b465ee728b)
Start importing Assets/Zukomazi - Pro Drift Controller v1/Models/volkswagen-corrado-vr6-low-poly-model/textures/corr_lights.png using Guid(cf76bda909330b74c9529ec25f645714) Importer(815301076,1909f56bfc062723c751e8b465ee728b)  -> (artifact id: 'caf653aced9c24b46392d84e5f1190bc') in 0.073659 seconds 
========================================================================
Received Import Request.
  Time since last request: 0.000037 seconds.
  path: Assets/Zukomazi - Pro Drift Controller v1/Models/volkswagen-corrado-vr6-low-poly-model/textures/rimstock_17_2_dif.png
  artifactKey: Guid(32d353c0e4e52944184a66fc979ddaab) Importer(815301076,1909f56bfc062723c751e8b465ee728b)
Start importing Assets/Zukomazi - Pro Drift Controller v1/Models/volkswagen-corrado-vr6-low-poly-model/textures/rimstock_17_2_dif.png using Guid(32d353c0e4e52944184a66fc979ddaab) Importer(815301076,1909f56bfc062723c751e8b465ee728b)  -> (artifact id: 'a34f9383c1a71ca76ece0db8b47cd526') in 0.029378 seconds 
========================================================================
Received Import Request.
  Time since last request: 0.000022 seconds.
  path: Assets/Zukomazi - Pro Drift Controller v1/Models/volkswagen-corrado-vr6-low-poly-model/textures/ucb_bottom.png
  artifactKey: Guid(1df8533a9bf893d41aa1e89d4d155968) Importer(815301076,1909f56bfc062723c751e8b465ee728b)
Start importing Assets/Zukomazi - Pro Drift Controller v1/Models/volkswagen-corrado-vr6-low-poly-model/textures/ucb_bottom.png using Guid(1df8533a9bf893d41aa1e89d4d155968) Importer(815301076,1909f56bfc062723c751e8b465ee728b)  -> (artifact id: 'e0b639eff6421cb9bd69531fb03ec638') in 0.017880 seconds 
========================================================================
Received Import Request.
  Time since last request: 0.000044 seconds.
  path: Assets/Zukomazi - Pro Drift Controller v1/Models/volkswagen-corrado-vr6-low-poly-model/textures/ucb_doorshut.png
  artifactKey: Guid(d09800caac1de304494fe09708066660) Importer(815301076,1909f56bfc062723c751e8b465ee728b)
Start importing Assets/Zukomazi - Pro Drift Controller v1/Models/volkswagen-corrado-vr6-low-poly-model/textures/ucb_doorshut.png using Guid(d09800caac1de304494fe09708066660) Importer(815301076,1909f56bfc062723c751e8b465ee728b)  -> (artifact id: 'c9a1df2ebad65c6fa1f70dd0499237f6') in 0.027823 seconds 
========================================================================
Received Import Request.
  Time since last request: 7.923873 seconds.
  path: Assets/Zukomazi - Pro Drift Controller v1/Prefabs/Player (Vehicle).prefab
  artifactKey: Guid(7cc84feb2d0fd3b4099409fc1daa2c9e) Importer(815301076,1909f56bfc062723c751e8b465ee728b)
Start importing Assets/Zukomazi - Pro Drift Controller v1/Prefabs/Player (Vehicle).prefab using Guid(7cc84feb2d0fd3b4099409fc1daa2c9e) Importer(815301076,1909f56bfc062723c751e8b465ee728b)  -> (artifact id: '6d72e8a5a6edeab670e19e6f57191ddb') in 0.191962 seconds 
========================================================================
Received Import Request.
  Time since last request: 13.353781 seconds.
  path: Assets/Zukomazi - Pro Drift Controller v1/Tools/UnitySkidmarks/SkidmarksMat.mat
  artifactKey: Guid(5c4fa5f647c3046469d1868c47f3130f) Importer(815301076,1909f56bfc062723c751e8b465ee728b)
Start importing Assets/Zukomazi - Pro Drift Controller v1/Tools/UnitySkidmarks/SkidmarksMat.mat using Guid(5c4fa5f647c3046469d1868c47f3130f) Importer(815301076,1909f56bfc062723c751e8b465ee728b)  -> (artifact id: 'efa31ad3ab315a094da65868c0744033') in 0.070193 seconds 
========================================================================
Received Import Request.
  Time since last request: 7.997328 seconds.
  path: Assets/Zukomazi - Pro Drift Controller v1/Models/Test Track One/Skyboxes/Test Track One Skybox 2.mat
  artifactKey: Guid(0dc5aa231a444934b93bcd6377c42e94) Importer(815301076,1909f56bfc062723c751e8b465ee728b)
Start importing Assets/Zukomazi - Pro Drift Controller v1/Models/Test Track One/Skyboxes/Test Track One Skybox 2.mat using Guid(0dc5aa231a444934b93bcd6377c42e94) Importer(815301076,1909f56bfc062723c751e8b465ee728b)  -> (artifact id: '64d5b8bbe66673ed97e6d3c662a3ebb3') in 0.217465 seconds 
========================================================================
Received Import Request.
  Time since last request: 10.622850 seconds.
  path: Assets/Zukomazi - Pro Drift Controller v1/Models/Test Track One/Track/Materials/armco_base.mat
  artifactKey: Guid(ac1ec7a23da302e48bab987363b432c7) Importer(815301076,1909f56bfc062723c751e8b465ee728b)
Start importing Assets/Zukomazi - Pro Drift Controller v1/Models/Test Track One/Track/Materials/armco_base.mat using Guid(ac1ec7a23da302e48bab987363b432c7) Importer(815301076,1909f56bfc062723c751e8b465ee728b)  -> (artifact id: '82a18ee58de3e94dab61eb023f0affc3') in 0.025789 seconds 
========================================================================
Received Import Request.
  Time since last request: 0.000063 seconds.
  path: Assets/Zukomazi - Pro Drift Controller v1/Models/Test Track One/Track/Materials/barriers.mat
  artifactKey: Guid(cc3c6e8fef492474ca25497e2d4291a7) Importer(815301076,1909f56bfc062723c751e8b465ee728b)
Start importing Assets/Zukomazi - Pro Drift Controller v1/Models/Test Track One/Track/Materials/barriers.mat using Guid(cc3c6e8fef492474ca25497e2d4291a7) Importer(815301076,1909f56bfc062723c751e8b465ee728b)  -> (artifact id: '3ec191519b73a01366017b803f0c8c11') in 0.036348 seconds 
========================================================================
Received Import Request.
  Time since last request: 0.000039 seconds.
  path: Assets/Zukomazi - Pro Drift Controller v1/Models/Test Track One/Track/Materials/barriersb.mat
  artifactKey: Guid(8da12b32200ea66419e0197bd566c232) Importer(815301076,1909f56bfc062723c751e8b465ee728b)
Start importing Assets/Zukomazi - Pro Drift Controller v1/Models/Test Track One/Track/Materials/barriersb.mat using Guid(8da12b32200ea66419e0197bd566c232) Importer(815301076,1909f56bfc062723c751e8b465ee728b)  -> (artifact id: 'e6f7b55e704d8981d398f9627f401f6e') in 0.026009 seconds 
========================================================================
Received Import Request.
  Time since last request: 0.000036 seconds.
  path: Assets/Zukomazi - Pro Drift Controller v1/Models/Test Track One/Track/Materials/armcoposts.mat
  artifactKey: Guid(39481cabcdfcf0748a1da496533a2273) Importer(815301076,1909f56bfc062723c751e8b465ee728b)
Start importing Assets/Zukomazi - Pro Drift Controller v1/Models/Test Track One/Track/Materials/armcoposts.mat using Guid(39481cabcdfcf0748a1da496533a2273) Importer(815301076,1909f56bfc062723c751e8b465ee728b)  -> (artifact id: '0469806806eedd1681514f1866d38cb6') in 0.031075 seconds 
========================================================================
Received Import Request.
  Time since last request: 0.441217 seconds.
  path: Assets/Zukomazi - Pro Drift Controller v1/Models/Test Track One/Track/Materials/basicpanelc.mat
  artifactKey: Guid(932f89025f23f82478a0817e6821a7fd) Importer(815301076,1909f56bfc062723c751e8b465ee728b)
Start importing Assets/Zukomazi - Pro Drift Controller v1/Models/Test Track One/Track/Materials/basicpanelc.mat using Guid(932f89025f23f82478a0817e6821a7fd) Importer(815301076,1909f56bfc062723c751e8b465ee728b)  -> (artifact id: 'bbb8f84131ddba4e364b589f25440f34') in 0.037529 seconds 
========================================================================
Received Import Request.
  Time since last request: 0.282836 seconds.
  path: Assets/Zukomazi - Pro Drift Controller v1/Models/Test Track One/Track/Materials/bbrdframe.mat
  artifactKey: Guid(e5562ec494e0c1b4f95bbb638059ff60) Importer(815301076,1909f56bfc062723c751e8b465ee728b)
Start importing Assets/Zukomazi - Pro Drift Controller v1/Models/Test Track One/Track/Materials/bbrdframe.mat using Guid(e5562ec494e0c1b4f95bbb638059ff60) Importer(815301076,1909f56bfc062723c751e8b465ee728b)  -> (artifact id: '6ae847b2414a6eaf248262c49c6cc63c') in 0.030034 seconds 
========================================================================
Received Import Request.
  Time since last request: 0.000040 seconds.
  path: Assets/Zukomazi - Pro Drift Controller v1/Models/Test Track One/Track/Materials/bleacherblue.mat
  artifactKey: Guid(ce44589bcc7a3ec46bbc399c87b128dc) Importer(815301076,1909f56bfc062723c751e8b465ee728b)
Start importing Assets/Zukomazi - Pro Drift Controller v1/Models/Test Track One/Track/Materials/bleacherblue.mat using Guid(ce44589bcc7a3ec46bbc399c87b128dc) Importer(815301076,1909f56bfc062723c751e8b465ee728b)  -> (artifact id: '7a397094a223bd78d288ce478044ae3e') in 0.029346 seconds 
========================================================================
Received Import Request.
  Time since last request: 0.674169 seconds.
  path: Assets/Zukomazi - Pro Drift Controller v1/Models/Test Track One/Track/Materials/bleachergreen.mat
  artifactKey: Guid(ac7b19bb14bb17e42b73fe0917d0afcf) Importer(815301076,1909f56bfc062723c751e8b465ee728b)
Start importing Assets/Zukomazi - Pro Drift Controller v1/Models/Test Track One/Track/Materials/bleachergreen.mat using Guid(ac7b19bb14bb17e42b73fe0917d0afcf) Importer(815301076,1909f56bfc062723c751e8b465ee728b)  -> (artifact id: '79febeaa64a5508c7bc84fc54ea99c5c') in 0.035872 seconds 
========================================================================
Received Import Request.
  Time since last request: 0.000096 seconds.
  path: Assets/Zukomazi - Pro Drift Controller v1/Models/Test Track One/Track/Materials/bridgeb.mat
  artifactKey: Guid(a24ab32524c0f754e93c14b70a7a7d99) Importer(815301076,1909f56bfc062723c751e8b465ee728b)
Start importing Assets/Zukomazi - Pro Drift Controller v1/Models/Test Track One/Track/Materials/bridgeb.mat using Guid(a24ab32524c0f754e93c14b70a7a7d99) Importer(815301076,1909f56bfc062723c751e8b465ee728b)  -> (artifact id: 'ad80f912ccab8d8e24c18334ec18de37') in 0.035925 seconds 
========================================================================
Received Import Request.
  Time since last request: 0.007651 seconds.
  path: Assets/Zukomazi - Pro Drift Controller v1/Models/Test Track One/Track/Materials/buildacanvas.mat
  artifactKey: Guid(be28f962d62f7bd4d97a436f72b7aec9) Importer(815301076,1909f56bfc062723c751e8b465ee728b)
Start importing Assets/Zukomazi - Pro Drift Controller v1/Models/Test Track One/Track/Materials/buildacanvas.mat using Guid(be28f962d62f7bd4d97a436f72b7aec9) Importer(815301076,1909f56bfc062723c751e8b465ee728b)  -> (artifact id: 'ac98a37c14ef79e3ab68c8348f12a92d') in 0.033673 seconds 
========================================================================
Received Import Request.
  Time since last request: 0.074795 seconds.
  path: Assets/Zukomazi - Pro Drift Controller v1/Models/Test Track One/Track/Materials/buildawindow01.mat
  artifactKey: Guid(3e5dace77c0b6b44081d38a68360d150) Importer(815301076,1909f56bfc062723c751e8b465ee728b)
Start importing Assets/Zukomazi - Pro Drift Controller v1/Models/Test Track One/Track/Materials/buildawindow01.mat using Guid(3e5dace77c0b6b44081d38a68360d150) Importer(815301076,1909f56bfc062723c751e8b465ee728b)  -> (artifact id: '2de5bc2001d99f5e0b063c9e00e19991') in 0.036571 seconds 
========================================================================
Received Import Request.
  Time since last request: 0.000090 seconds.
  path: Assets/Zukomazi - Pro Drift Controller v1/Models/Test Track One/Track/Materials/buildbwindow01.mat
  artifactKey: Guid(4149170a48c9b2246a96e73b4f10755f) Importer(815301076,1909f56bfc062723c751e8b465ee728b)
Start importing Assets/Zukomazi - Pro Drift Controller v1/Models/Test Track One/Track/Materials/buildbwindow01.mat using Guid(4149170a48c9b2246a96e73b4f10755f) Importer(815301076,1909f56bfc062723c751e8b465ee728b)  -> (artifact id: '8896b93da7cfc41b8380f74ad60303c8') in 0.033755 seconds 
========================================================================
Received Import Request.
  Time since last request: 0.000063 seconds.
  path: Assets/Zukomazi - Pro Drift Controller v1/Models/Test Track One/Track/Materials/buildawindow03.mat
  artifactKey: Guid(7320c7e7ae336ab42a4028419812ad4c) Importer(815301076,1909f56bfc062723c751e8b465ee728b)
Start importing Assets/Zukomazi - Pro Drift Controller v1/Models/Test Track One/Track/Materials/buildawindow03.mat using Guid(7320c7e7ae336ab42a4028419812ad4c) Importer(815301076,1909f56bfc062723c751e8b465ee728b)  -> (artifact id: '1c1329bb7eaa2de211af504ee98e5645') in 0.031810 seconds 
========================================================================
Received Import Request.
  Time since last request: 0.000035 seconds.
  path: Assets/Zukomazi - Pro Drift Controller v1/Models/Test Track One/Track/Materials/dirtfull.mat
  artifactKey: Guid(447ec501538cd31458811792653b4ed3) Importer(815301076,1909f56bfc062723c751e8b465ee728b)
Start importing Assets/Zukomazi - Pro Drift Controller v1/Models/Test Track One/Track/Materials/dirtfull.mat using Guid(447ec501538cd31458811792653b4ed3) Importer(815301076,1909f56bfc062723c751e8b465ee728b)  -> (artifact id: '9225eff1cd53467f2a48f5646065261e') in 0.031802 seconds 
========================================================================
Received Import Request.
  Time since last request: 0.000055 seconds.
  path: Assets/Zukomazi - Pro Drift Controller v1/Models/Test Track One/Track/Materials/fencingb.mat
  artifactKey: Guid(bb0dc81d613d64346a95ede2fca2feb2) Importer(815301076,1909f56bfc062723c751e8b465ee728b)
Start importing Assets/Zukomazi - Pro Drift Controller v1/Models/Test Track One/Track/Materials/fencingb.mat using Guid(bb0dc81d613d64346a95ede2fca2feb2) Importer(815301076,1909f56bfc062723c751e8b465ee728b)  -> (artifact id: '2444cd431118d68c1f73b4bbcc5c4fbe') in 0.027827 seconds 
========================================================================
Received Import Request.
  Time since last request: 0.000053 seconds.
  path: Assets/Zukomazi - Pro Drift Controller v1/Models/Test Track One/Track/Materials/concretewall.mat
  artifactKey: Guid(81358b080ec446241b1255712cc3b088) Importer(815301076,1909f56bfc062723c751e8b465ee728b)
Start importing Assets/Zukomazi - Pro Drift Controller v1/Models/Test Track One/Track/Materials/concretewall.mat using Guid(81358b080ec446241b1255712cc3b088) Importer(815301076,1909f56bfc062723c751e8b465ee728b)  -> (artifact id: 'd951d323704b0491e1f13fee7546393b') in 0.027285 seconds 
========================================================================
Received Import Request.
  Time since last request: 0.000062 seconds.
  path: Assets/Zukomazi - Pro Drift Controller v1/Models/Test Track One/Track/Materials/buildbwindow02.mat
  artifactKey: Guid(0af54390754760f43b9a91d0f396dc01) Importer(815301076,1909f56bfc062723c751e8b465ee728b)
Start importing Assets/Zukomazi - Pro Drift Controller v1/Models/Test Track One/Track/Materials/buildbwindow02.mat using Guid(0af54390754760f43b9a91d0f396dc01) Importer(815301076,1909f56bfc062723c751e8b465ee728b)  -> (artifact id: '28ae842d867d4cc511c0d952bbf84161') in 0.031387 seconds 
========================================================================
Received Import Request.
  Time since last request: 0.072657 seconds.
  path: Assets/Zukomazi - Pro Drift Controller v1/Models/Test Track One/Track/Materials/garagebeam.mat
  artifactKey: Guid(3e7badf7afd688d438f22cfe1bd18eeb) Importer(815301076,1909f56bfc062723c751e8b465ee728b)
Start importing Assets/Zukomazi - Pro Drift Controller v1/Models/Test Track One/Track/Materials/garagebeam.mat using Guid(3e7badf7afd688d438f22cfe1bd18eeb) Importer(815301076,1909f56bfc062723c751e8b465ee728b)  -> (artifact id: '0166e049e8d9c7af4e7169ee571a69ec') in 0.030560 seconds 
========================================================================
Received Import Request.
  Time since last request: 0.453611 seconds.
  path: Assets/Zukomazi - Pro Drift Controller v1/Models/Test Track One/Track/Materials/garagefloor.mat
  artifactKey: Guid(6e53d84fcd9bffe4dab5f7b09bf57efe) Importer(815301076,1909f56bfc062723c751e8b465ee728b)
Start importing Assets/Zukomazi - Pro Drift Controller v1/Models/Test Track One/Track/Materials/garagefloor.mat using Guid(6e53d84fcd9bffe4dab5f7b09bf57efe) Importer(815301076,1909f56bfc062723c751e8b465ee728b)  -> (artifact id: 'a041291bad76d57e7f6b93fdecb42bec') in 0.037369 seconds 
========================================================================
Received Import Request.
  Time since last request: 0.055714 seconds.
  path: Assets/Zukomazi - Pro Drift Controller v1/Models/Test Track One/Track/Materials/garageinta.mat
  artifactKey: Guid(4bbb0ac700c2f014e850983717acbab7) Importer(815301076,1909f56bfc062723c751e8b465ee728b)
Start importing Assets/Zukomazi - Pro Drift Controller v1/Models/Test Track One/Track/Materials/garageinta.mat using Guid(4bbb0ac700c2f014e850983717acbab7) Importer(815301076,1909f56bfc062723c751e8b465ee728b)  -> (artifact id: '63af0c8d19534800e0f8ebe8695d0a7d') in 0.027604 seconds 
========================================================================
Received Import Request.
  Time since last request: 0.093250 seconds.
  path: Assets/Zukomazi - Pro Drift Controller v1/Models/Test Track One/Track/Materials/garagewalla.mat
  artifactKey: Guid(05398dcc1af226849a60622a3802787a) Importer(815301076,1909f56bfc062723c751e8b465ee728b)
Start importing Assets/Zukomazi - Pro Drift Controller v1/Models/Test Track One/Track/Materials/garagewalla.mat using Guid(05398dcc1af226849a60622a3802787a) Importer(815301076,1909f56bfc062723c751e8b465ee728b)  -> (artifact id: 'c79bef81f32e8c0ff7e3ae7635033680') in 0.027252 seconds 
========================================================================
Received Import Request.
  Time since last request: 0.000104 seconds.
  path: Assets/Zukomazi - Pro Drift Controller v1/Models/Test Track One/Track/Materials/grass2trap.mat
  artifactKey: Guid(dbfb75f8e8f02de45974277dd135c343) Importer(815301076,1909f56bfc062723c751e8b465ee728b)
Start importing Assets/Zukomazi - Pro Drift Controller v1/Models/Test Track One/Track/Materials/grass2trap.mat using Guid(dbfb75f8e8f02de45974277dd135c343) Importer(815301076,1909f56bfc062723c751e8b465ee728b)  -> (artifact id: '610593016d3e5069ef7774d7649bcae2') in 0.032611 seconds 
========================================================================
Received Import Request.
  Time since last request: 0.000046 seconds.
  path: Assets/Zukomazi - Pro Drift Controller v1/Models/Test Track One/Track/Materials/garagewindowb.mat
  artifactKey: Guid(1cbdf46406bd6a342a531303c66434c0) Importer(815301076,1909f56bfc062723c751e8b465ee728b)
Start importing Assets/Zukomazi - Pro Drift Controller v1/Models/Test Track One/Track/Materials/garagewindowb.mat using Guid(1cbdf46406bd6a342a531303c66434c0) Importer(815301076,1909f56bfc062723c751e8b465ee728b)  -> (artifact id: 'dde06620dad08ec4c1213058dd5417ce') in 0.031694 seconds 
========================================================================
Received Import Request.
  Time since last request: 0.000029 seconds.
  path: Assets/Zukomazi - Pro Drift Controller v1/Models/Test Track One/Track/Materials/graveltrap.mat
  artifactKey: Guid(6dd15ce3ecb837148bdb4fc85fcc7a17) Importer(815301076,1909f56bfc062723c751e8b465ee728b)
Start importing Assets/Zukomazi - Pro Drift Controller v1/Models/Test Track One/Track/Materials/graveltrap.mat using Guid(6dd15ce3ecb837148bdb4fc85fcc7a17) Importer(815301076,1909f56bfc062723c751e8b465ee728b)  -> (artifact id: 'daa8784d84a4a1f237f94053fda1c9a1') in 0.027333 seconds 
========================================================================
Received Import Request.
  Time since last request: 0.000048 seconds.
  path: Assets/Zukomazi - Pro Drift Controller v1/Models/Test Track One/Track/Materials/grnglow.mat
  artifactKey: Guid(950a56886fcfed54496ca2f5dd9d2498) Importer(815301076,1909f56bfc062723c751e8b465ee728b)
Start importing Assets/Zukomazi - Pro Drift Controller v1/Models/Test Track One/Track/Materials/grnglow.mat using Guid(950a56886fcfed54496ca2f5dd9d2498) Importer(815301076,1909f56bfc062723c751e8b465ee728b)  -> (artifact id: 'e8068fdecd520adbc3f2e0ab41538038') in 0.027858 seconds 
========================================================================
Received Import Request.
  Time since last request: 0.000051 seconds.
  path: Assets/Zukomazi - Pro Drift Controller v1/Models/Test Track One/Track/Materials/gridworkb.mat
  artifactKey: Guid(0540e559ce583f84ebb9aa7c2e7a66a3) Importer(815301076,1909f56bfc062723c751e8b465ee728b)
Start importing Assets/Zukomazi - Pro Drift Controller v1/Models/Test Track One/Track/Materials/gridworkb.mat using Guid(0540e559ce583f84ebb9aa7c2e7a66a3) Importer(815301076,1909f56bfc062723c751e8b465ee728b)  -> (artifact id: 'e59806e9d600d0a90680d1edcbbac0bf') in 0.040475 seconds 
========================================================================
Received Import Request.
  Time since last request: 0.000042 seconds.
  path: Assets/Zukomazi - Pro Drift Controller v1/Models/Test Track One/Track/Materials/gstandfloora.mat
  artifactKey: Guid(22132a80e33d72343965917ccdba3332) Importer(815301076,1909f56bfc062723c751e8b465ee728b)
Start importing Assets/Zukomazi - Pro Drift Controller v1/Models/Test Track One/Track/Materials/gstandfloora.mat using Guid(22132a80e33d72343965917ccdba3332) Importer(815301076,1909f56bfc062723c751e8b465ee728b)  -> (artifact id: '00174b0c3e583dc9b62cfa8f9d2086f8') in 0.026222 seconds 
========================================================================
Received Import Request.
  Time since last request: 0.000035 seconds.
  path: Assets/Zukomazi - Pro Drift Controller v1/Models/Test Track One/Track/Materials/gstandfencea.mat
  artifactKey: Guid(fbac70b14eb3a5046a22405acf7f0d18) Importer(815301076,1909f56bfc062723c751e8b465ee728b)
Start importing Assets/Zukomazi - Pro Drift Controller v1/Models/Test Track One/Track/Materials/gstandfencea.mat using Guid(fbac70b14eb3a5046a22405acf7f0d18) Importer(815301076,1909f56bfc062723c751e8b465ee728b)  -> (artifact id: 'e391d46d45d17818fe5d4c2b6d794109') in 0.026788 seconds 
========================================================================
Received Import Request.
  Time since last request: 0.044594 seconds.
  path: Assets/Zukomazi - Pro Drift Controller v1/Models/Test Track One/Track/Materials/gstandfloorc.mat
  artifactKey: Guid(4dacea1c720795441a43ba4f55e2ff64) Importer(815301076,1909f56bfc062723c751e8b465ee728b)
Start importing Assets/Zukomazi - Pro Drift Controller v1/Models/Test Track One/Track/Materials/gstandfloorc.mat using Guid(4dacea1c720795441a43ba4f55e2ff64) Importer(815301076,1909f56bfc062723c751e8b465ee728b)  -> (artifact id: '4113d9547d7ec12de4be9a5b05ab9dd0') in 0.023545 seconds 
========================================================================
Received Import Request.
  Time since last request: 0.096048 seconds.
  path: Assets/Zukomazi - Pro Drift Controller v1/Models/Test Track One/Track/Materials/isirail.mat
  artifactKey: Guid(002f9b784c0a6b64aa7f51f91ed629ef) Importer(815301076,1909f56bfc062723c751e8b465ee728b)
Start importing Assets/Zukomazi - Pro Drift Controller v1/Models/Test Track One/Track/Materials/isirail.mat using Guid(002f9b784c0a6b64aa7f51f91ed629ef) Importer(815301076,1909f56bfc062723c751e8b465ee728b)  -> (artifact id: '1f2aff5104ca0101493f399942d0b3e3') in 0.029664 seconds 
========================================================================
Received Import Request.
  Time since last request: 0.175871 seconds.
  path: Assets/Zukomazi - Pro Drift Controller v1/Models/Test Track One/Track/Materials/metal_base.mat
  artifactKey: Guid(5e0e18c117d1a65459b730a76d6c3637) Importer(815301076,1909f56bfc062723c751e8b465ee728b)
Start importing Assets/Zukomazi - Pro Drift Controller v1/Models/Test Track One/Track/Materials/metal_base.mat using Guid(5e0e18c117d1a65459b730a76d6c3637) Importer(815301076,1909f56bfc062723c751e8b465ee728b)  -> (artifact id: 'e5314240691605edf2071b415b54acdd') in 0.040419 seconds 
========================================================================
Received Import Request.
  Time since last request: 0.055387 seconds.
  path: Assets/Zukomazi - Pro Drift Controller v1/Models/Test Track One/Track/Materials/metalred.mat
  artifactKey: Guid(b80faccac0dbf114181eacb70d46726d) Importer(815301076,1909f56bfc062723c751e8b465ee728b)
Start importing Assets/Zukomazi - Pro Drift Controller v1/Models/Test Track One/Track/Materials/metalred.mat using Guid(b80faccac0dbf114181eacb70d46726d) Importer(815301076,1909f56bfc062723c751e8b465ee728b)  -> (artifact id: 'd2511a62e14a4214b3933acbd6b284c1') in 0.033569 seconds 
========================================================================
Received Import Request.
  Time since last request: 0.000047 seconds.
  path: Assets/Zukomazi - Pro Drift Controller v1/Models/Test Track One/Track/Materials/oval2grass.mat
  artifactKey: Guid(bc9f00e89aeb97b48ac43f1f2543465e) Importer(815301076,1909f56bfc062723c751e8b465ee728b)
Start importing Assets/Zukomazi - Pro Drift Controller v1/Models/Test Track One/Track/Materials/oval2grass.mat using Guid(bc9f00e89aeb97b48ac43f1f2543465e) Importer(815301076,1909f56bfc062723c751e8b465ee728b)  -> (artifact id: '677eafc1b64a9bd0ac72a5954e27bda9') in 0.019931 seconds 
========================================================================
Received Import Request.
  Time since last request: 0.049039 seconds.
  path: Assets/Zukomazi - Pro Drift Controller v1/Models/Test Track One/Track/Materials/road_access01.mat
  artifactKey: Guid(8cc0e7acfc6b08849905777ffcda1063) Importer(815301076,1909f56bfc062723c751e8b465ee728b)
Start importing Assets/Zukomazi - Pro Drift Controller v1/Models/Test Track One/Track/Materials/road_access01.mat using Guid(8cc0e7acfc6b08849905777ffcda1063) Importer(815301076,1909f56bfc062723c751e8b465ee728b)  -> (artifact id: 'ae28d27577e583313d06fdc3bb06fb90') in 0.031076 seconds 
========================================================================
Received Import Request.
  Time since last request: 0.000033 seconds.
  path: Assets/Zukomazi - Pro Drift Controller v1/Models/Test Track One/Track/Materials/rumble2grass.mat
  artifactKey: Guid(bba49016a9540694a8b56fbdebf41916) Importer(815301076,1909f56bfc062723c751e8b465ee728b)
Start importing Assets/Zukomazi - Pro Drift Controller v1/Models/Test Track One/Track/Materials/rumble2grass.mat using Guid(bba49016a9540694a8b56fbdebf41916) Importer(815301076,1909f56bfc062723c751e8b465ee728b)  -> (artifact id: '17a009dc52b1d546af8d300e99b28d96') in 0.035254 seconds 
========================================================================
Received Import Request.
  Time since last request: 0.000114 seconds.
  path: Assets/Zukomazi - Pro Drift Controller v1/Models/Test Track One/Track/Materials/rumble2track.mat
  artifactKey: Guid(60a45f99aff8e4144a76e7171df3c4c9) Importer(815301076,1909f56bfc062723c751e8b465ee728b)
Start importing Assets/Zukomazi - Pro Drift Controller v1/Models/Test Track One/Track/Materials/rumble2track.mat using Guid(60a45f99aff8e4144a76e7171df3c4c9) Importer(815301076,1909f56bfc062723c751e8b465ee728b)  -> (artifact id: 'c0e584d88b71d643cd8e6b2913fc1a70') in 0.034317 seconds 
========================================================================
Received Import Request.
  Time since last request: 0.000051 seconds.
  path: Assets/Zukomazi - Pro Drift Controller v1/Models/Test Track One/Track/Materials/rumcap2track.mat
  artifactKey: Guid(cee05d9be03b8464a93fca2c0f7387d7) Importer(815301076,1909f56bfc062723c751e8b465ee728b)
Start importing Assets/Zukomazi - Pro Drift Controller v1/Models/Test Track One/Track/Materials/rumcap2track.mat using Guid(cee05d9be03b8464a93fca2c0f7387d7) Importer(815301076,1909f56bfc062723c751e8b465ee728b)  -> (artifact id: '867de17b5586376e749aab138c4a0272') in 0.028184 seconds 
========================================================================
Received Import Request.
  Time since last request: 0.000034 seconds.
  path: Assets/Zukomazi - Pro Drift Controller v1/Models/Test Track One/Track/Materials/safetyfence.mat
  artifactKey: Guid(26db9b4b67fcb0840a9d5fd9860ce4d6) Importer(815301076,1909f56bfc062723c751e8b465ee728b)
Start importing Assets/Zukomazi - Pro Drift Controller v1/Models/Test Track One/Track/Materials/safetyfence.mat using Guid(26db9b4b67fcb0840a9d5fd9860ce4d6) Importer(815301076,1909f56bfc062723c751e8b465ee728b)  -> (artifact id: '0c3d12d90ee3c398b9d06956224f9f17') in 0.030315 seconds 
========================================================================
Received Import Request.
  Time since last request: 0.000172 seconds.
  path: Assets/Zukomazi - Pro Drift Controller v1/Models/Test Track One/Track/Materials/safetyfence_small.mat
  artifactKey: Guid(c96636182cbba0b428194ddcb5eee3a3) Importer(815301076,1909f56bfc062723c751e8b465ee728b)
Start importing Assets/Zukomazi - Pro Drift Controller v1/Models/Test Track One/Track/Materials/safetyfence_small.mat using Guid(c96636182cbba0b428194ddcb5eee3a3) Importer(815301076,1909f56bfc062723c751e8b465ee728b)  -> (artifact id: '3f1e3bbaf5065c6884ddf5ea62e96438') in 0.027966 seconds 
========================================================================
Received Import Request.
  Time since last request: 0.000028 seconds.
  path: Assets/Zukomazi - Pro Drift Controller v1/Models/Test Track One/Track/Materials/sponsor_f2_grnd.mat
  artifactKey: Guid(fc43fca5b7c5938408b1bc4c1e44996c) Importer(815301076,1909f56bfc062723c751e8b465ee728b)
Start importing Assets/Zukomazi - Pro Drift Controller v1/Models/Test Track One/Track/Materials/sponsor_f2_grnd.mat using Guid(fc43fca5b7c5938408b1bc4c1e44996c) Importer(815301076,1909f56bfc062723c751e8b465ee728b)  -> (artifact id: '55bcbdc53fd09f0a6ee785a4a34257a2') in 0.028801 seconds 
========================================================================
Received Import Request.
  Time since last request: 0.000093 seconds.
  path: Assets/Zukomazi - Pro Drift Controller v1/Models/Test Track One/Track/Materials/sponsor_f1_bbrds.mat
  artifactKey: Guid(fc99f58969ac3d343aba8d9b5eeb3e27) Importer(815301076,1909f56bfc062723c751e8b465ee728b)
Start importing Assets/Zukomazi - Pro Drift Controller v1/Models/Test Track One/Track/Materials/sponsor_f1_bbrds.mat using Guid(fc99f58969ac3d343aba8d9b5eeb3e27) Importer(815301076,1909f56bfc062723c751e8b465ee728b)  -> (artifact id: '9794160ce3278ffc32c82a7d48d0f76f') in 0.033012 seconds 
========================================================================
Received Import Request.
  Time since last request: 0.000049 seconds.
  path: Assets/Zukomazi - Pro Drift Controller v1/Models/Test Track One/Track/Materials/sponsor_j1_bbrds.mat
  artifactKey: Guid(bd4a0391c600cc041992310793a7d85c) Importer(815301076,1909f56bfc062723c751e8b465ee728b)
Start importing Assets/Zukomazi - Pro Drift Controller v1/Models/Test Track One/Track/Materials/sponsor_j1_bbrds.mat using Guid(bd4a0391c600cc041992310793a7d85c) Importer(815301076,1909f56bfc062723c751e8b465ee728b)  -> (artifact id: 'c136d7e5d03937d5ff3099ede48fb113') in 0.030121 seconds 
========================================================================
Received Import Request.
  Time since last request: 0.000092 seconds.
  path: Assets/Zukomazi - Pro Drift Controller v1/Models/Test Track One/Track/Materials/track_2greenb.mat
  artifactKey: Guid(deefa30a27436124e9026279c8b3a37b) Importer(815301076,1909f56bfc062723c751e8b465ee728b)
Start importing Assets/Zukomazi - Pro Drift Controller v1/Models/Test Track One/Track/Materials/track_2greenb.mat using Guid(deefa30a27436124e9026279c8b3a37b) Importer(815301076,1909f56bfc062723c751e8b465ee728b)  -> (artifact id: '02447d7dbb9d5349db6b9b629bc069f6') in 0.026271 seconds 
========================================================================
Received Import Request.
  Time since last request: 0.000036 seconds.
  path: Assets/Zukomazi - Pro Drift Controller v1/Models/Test Track One/Track/Materials/towerwall.mat
  artifactKey: Guid(7d26c725a5097534ba0a9c726ff34aae) Importer(815301076,1909f56bfc062723c751e8b465ee728b)
Start importing Assets/Zukomazi - Pro Drift Controller v1/Models/Test Track One/Track/Materials/towerwall.mat using Guid(7d26c725a5097534ba0a9c726ff34aae) Importer(815301076,1909f56bfc062723c751e8b465ee728b)  -> (artifact id: '0850c3c5c24c404ca3b777faac143058') in 0.024336 seconds 
========================================================================
Received Import Request.
  Time since last request: 0.000044 seconds.
  path: Assets/Zukomazi - Pro Drift Controller v1/Models/Test Track One/Track/Materials/tiresb_black.mat
  artifactKey: Guid(1ad92ca30ca4d6e4c81c6ab87de579e4) Importer(815301076,1909f56bfc062723c751e8b465ee728b)
Start importing Assets/Zukomazi - Pro Drift Controller v1/Models/Test Track One/Track/Materials/tiresb_black.mat using Guid(1ad92ca30ca4d6e4c81c6ab87de579e4) Importer(815301076,1909f56bfc062723c751e8b465ee728b)  -> (artifact id: 'ae0680dd79e271bb47aa17d3624d9912') in 0.021454 seconds 
========================================================================
Received Import Request.
  Time since last request: 0.000109 seconds.
  path: Assets/Zukomazi - Pro Drift Controller v1/Models/Test Track One/Track/Materials/track_green.mat
  artifactKey: Guid(2d9e773628783994d901c1cf23a0208d) Importer(815301076,1909f56bfc062723c751e8b465ee728b)
Start importing Assets/Zukomazi - Pro Drift Controller v1/Models/Test Track One/Track/Materials/track_green.mat using Guid(2d9e773628783994d901c1cf23a0208d) Importer(815301076,1909f56bfc062723c751e8b465ee728b)  -> (artifact id: 'd521ee01cffb5b0e73e9c60314276773') in 0.025319 seconds 
========================================================================
Received Import Request.
  Time since last request: 0.000046 seconds.
  path: Assets/Zukomazi - Pro Drift Controller v1/Models/Test Track One/Track/Materials/track_2oval.mat
  artifactKey: Guid(3162bac274a3a254e836955be631ff7b) Importer(815301076,1909f56bfc062723c751e8b465ee728b)
Start importing Assets/Zukomazi - Pro Drift Controller v1/Models/Test Track One/Track/Materials/track_2oval.mat using Guid(3162bac274a3a254e836955be631ff7b) Importer(815301076,1909f56bfc062723c751e8b465ee728b)  -> (artifact id: '5fa404288d65fd77b246b83c2ff582b4') in 0.024912 seconds 
========================================================================
Received Import Request.
  Time since last request: 0.000034 seconds.
  path: Assets/Zukomazi - Pro Drift Controller v1/Models/Test Track One/Track/Materials/sponsor_e2_bbrds.mat
  artifactKey: Guid(27dd3884c7345b64dbf44aa2dcb2ee68) Importer(815301076,1909f56bfc062723c751e8b465ee728b)
Start importing Assets/Zukomazi - Pro Drift Controller v1/Models/Test Track One/Track/Materials/sponsor_e2_bbrds.mat using Guid(27dd3884c7345b64dbf44aa2dcb2ee68) Importer(815301076,1909f56bfc062723c751e8b465ee728b)  -> (artifact id: '1cf8dcd80afb0c4a57563df2e1da11a2') in 0.033798 seconds 
========================================================================
Received Import Request.
  Time since last request: 0.000035 seconds.
  path: Assets/Zukomazi - Pro Drift Controller v1/Models/Test Track One/Track/Materials/sponsor_i1_bbrds.mat
  artifactKey: Guid(06171c7f484c8384f938ab6fe2829e65) Importer(815301076,1909f56bfc062723c751e8b465ee728b)
Start importing Assets/Zukomazi - Pro Drift Controller v1/Models/Test Track One/Track/Materials/sponsor_i1_bbrds.mat using Guid(06171c7f484c8384f938ab6fe2829e65) Importer(815301076,1909f56bfc062723c751e8b465ee728b)  -> (artifact id: 'b76939a50a25b5fbd89f83dba4a7bfd7') in 0.028511 seconds 
========================================================================
Received Import Request.
  Time since last request: 0.000051 seconds.
  path: Assets/Zukomazi - Pro Drift Controller v1/Models/Test Track One/Track/Materials/treea.mat
  artifactKey: Guid(983f41f36339e5a4b8b4354716a09892) Importer(815301076,1909f56bfc062723c751e8b465ee728b)
Start importing Assets/Zukomazi - Pro Drift Controller v1/Models/Test Track One/Track/Materials/treea.mat using Guid(983f41f36339e5a4b8b4354716a09892) Importer(815301076,1909f56bfc062723c751e8b465ee728b)  -> (artifact id: '34dfcec5a992e676109bd62fc8424402') in 0.030030 seconds 
========================================================================
Received Import Request.
  Time since last request: 0.000105 seconds.
  path: Assets/Zukomazi - Pro Drift Controller v1/Models/Test Track One/Track/Materials/track_singlespot.mat
  artifactKey: Guid(3b4572c7e72e9b14da8f6e8af1f65eff) Importer(815301076,1909f56bfc062723c751e8b465ee728b)
Start importing Assets/Zukomazi - Pro Drift Controller v1/Models/Test Track One/Track/Materials/track_singlespot.mat using Guid(3b4572c7e72e9b14da8f6e8af1f65eff) Importer(815301076,1909f56bfc062723c751e8b465ee728b)  -> (artifact id: '7588af18d0ff81dc385fd97f5a45de9c') in 0.028419 seconds 
========================================================================
Received Import Request.
  Time since last request: 0.000039 seconds.
  path: Assets/Zukomazi - Pro Drift Controller v1/Models/Test Track One/Track/Materials/treec.mat
  artifactKey: Guid(ec69b39062364804ab6b829249294084) Importer(815301076,1909f56bfc062723c751e8b465ee728b)
Start importing Assets/Zukomazi - Pro Drift Controller v1/Models/Test Track One/Track/Materials/treec.mat using Guid(ec69b39062364804ab6b829249294084) Importer(815301076,1909f56bfc062723c751e8b465ee728b)  -> (artifact id: '3e2fb047dadb9d7ed134b5a7d7c941fa') in 0.027322 seconds 
========================================================================
Received Import Request.
  Time since last request: 0.000061 seconds.
  path: Assets/Zukomazi - Pro Drift Controller v1/Models/Test Track One/Track/Materials/treee.mat
  artifactKey: Guid(6ae8fea406ac29f4e97c381813cf22b6) Importer(815301076,1909f56bfc062723c751e8b465ee728b)
Start importing Assets/Zukomazi - Pro Drift Controller v1/Models/Test Track One/Track/Materials/treee.mat using Guid(6ae8fea406ac29f4e97c381813cf22b6) Importer(815301076,1909f56bfc062723c751e8b465ee728b)  -> (artifact id: '07629781ff73d9aec03006c7f0c513a5') in 0.030177 seconds 
========================================================================
Received Import Request.
  Time since last request: 0.000044 seconds.
  path: Assets/Zukomazi - Pro Drift Controller v1/Models/Test Track One/Track/Materials/treed.mat
  artifactKey: Guid(93b8bcc15c5d2cf44902edc383ca150d) Importer(815301076,1909f56bfc062723c751e8b465ee728b)
Start importing Assets/Zukomazi - Pro Drift Controller v1/Models/Test Track One/Track/Materials/treed.mat using Guid(93b8bcc15c5d2cf44902edc383ca150d) Importer(815301076,1909f56bfc062723c751e8b465ee728b)  -> (artifact id: '728f903a3a121a5deec3b5461c6e8e04') in 0.027299 seconds 
========================================================================
Received Import Request.
  Time since last request: 0.000039 seconds.
  path: Assets/Zukomazi - Pro Drift Controller v1/Models/Test Track One/Track/Materials/track_2trap.mat
  artifactKey: Guid(ccd86afd517ecf14a98a94771acd1afd) Importer(815301076,1909f56bfc062723c751e8b465ee728b)
Start importing Assets/Zukomazi - Pro Drift Controller v1/Models/Test Track One/Track/Materials/track_2trap.mat using Guid(ccd86afd517ecf14a98a94771acd1afd) Importer(815301076,1909f56bfc062723c751e8b465ee728b)  -> (artifact id: '02b3d745510ec991b2e25b437f6aa1ea') in 0.025816 seconds 
========================================================================
Received Import Request.
  Time since last request: 0.000044 seconds.
  path: Assets/Zukomazi - Pro Drift Controller v1/Models/Test Track One/Track/Materials/treebark.mat
  artifactKey: Guid(78f15f735212663478cd2a9d5b91393e) Importer(815301076,1909f56bfc062723c751e8b465ee728b)
Start importing Assets/Zukomazi - Pro Drift Controller v1/Models/Test Track One/Track/Materials/treebark.mat using Guid(78f15f735212663478cd2a9d5b91393e) Importer(815301076,1909f56bfc062723c751e8b465ee728b)  -> (artifact id: '398c19cc861631e465ace2629c2da998') in 0.024683 seconds 
========================================================================
Received Import Request.
  Time since last request: 0.000041 seconds.
  path: Assets/Zukomazi - Pro Drift Controller v1/Models/Test Track One/Track/Materials/roofstuffa.mat
  artifactKey: Guid(4aa81a30e5ae78a4a95f3e72bed08c35) Importer(815301076,1909f56bfc062723c751e8b465ee728b)
Start importing Assets/Zukomazi - Pro Drift Controller v1/Models/Test Track One/Track/Materials/roofstuffa.mat using Guid(4aa81a30e5ae78a4a95f3e72bed08c35) Importer(815301076,1909f56bfc062723c751e8b465ee728b)  -> (artifact id: '97a71265d7c84bf016c85ca57b1e9014') in 0.025781 seconds 
========================================================================
Received Import Request.
  Time since last request: 0.014821 seconds.
  path: Assets/Zukomazi - Pro Drift Controller v1/Models/Test Track One/Track/Materials/treeg.mat
  artifactKey: Guid(4bc394a8a05a5c14ca5064020b792e10) Importer(815301076,1909f56bfc062723c751e8b465ee728b)
Start importing Assets/Zukomazi - Pro Drift Controller v1/Models/Test Track One/Track/Materials/treeg.mat using Guid(4bc394a8a05a5c14ca5064020b792e10) Importer(815301076,1909f56bfc062723c751e8b465ee728b)  -> (artifact id: 'd984af946aae10da5df3e9ceece10909') in 0.022209 seconds 
========================================================================
Received Import Request.
  Time since last request: 0.096713 seconds.
  path: Assets/Zukomazi - Pro Drift Controller v1/Models/Test Track One/Track/Materials/treewalla.mat
  artifactKey: Guid(186ca9e0d9d804047bc792f2a8b2f763) Importer(815301076,1909f56bfc062723c751e8b465ee728b)
Start importing Assets/Zukomazi - Pro Drift Controller v1/Models/Test Track One/Track/Materials/treewalla.mat using Guid(186ca9e0d9d804047bc792f2a8b2f763) Importer(815301076,1909f56bfc062723c751e8b465ee728b)  -> (artifact id: '83ad34150901e296beade9b0ef86fab4') in 0.028192 seconds 
========================================================================
Received Import Request.
  Time since last request: 0.093017 seconds.
  path: Assets/Zukomazi - Pro Drift Controller v1/Models/Test Track One/Track/Materials/treewallb.mat
  artifactKey: Guid(41b5daa3d14b6a0429c760950e051021) Importer(815301076,1909f56bfc062723c751e8b465ee728b)
Start importing Assets/Zukomazi - Pro Drift Controller v1/Models/Test Track One/Track/Materials/treewallb.mat using Guid(41b5daa3d14b6a0429c760950e051021) Importer(815301076,1909f56bfc062723c751e8b465ee728b)  -> (artifact id: 'f9f2ea1000dbc82cd8ff2d93e4495672') in 0.044317 seconds 
========================================================================
Received Import Request.
  Time since last request: 0.160848 seconds.
  path: Assets/Zukomazi - Pro Drift Controller v1/Models/Test Track One/Track/Materials/victorywall.mat
  artifactKey: Guid(dd36ccdd95bbc3145b3ccd4fb5f8091d) Importer(815301076,1909f56bfc062723c751e8b465ee728b)
Start importing Assets/Zukomazi - Pro Drift Controller v1/Models/Test Track One/Track/Materials/victorywall.mat using Guid(dd36ccdd95bbc3145b3ccd4fb5f8091d) Importer(815301076,1909f56bfc062723c751e8b465ee728b)  -> (artifact id: 'c07e85d98a60925d8db9ed21e0a9d1ca') in 0.051679 seconds 
========================================================================
Received Import Request.
  Time since last request: 0.193774 seconds.
  path: Assets/Zukomazi - Pro Drift Controller v1/Models/Test Track One/Track/Materials/yloglow.mat
  artifactKey: Guid(40eaeaed48ad75249918f7f56167d9a5) Importer(815301076,1909f56bfc062723c751e8b465ee728b)
Start importing Assets/Zukomazi - Pro Drift Controller v1/Models/Test Track One/Track/Materials/yloglow.mat using Guid(40eaeaed48ad75249918f7f56167d9a5) Importer(815301076,1909f56bfc062723c751e8b465ee728b)  -> (artifact id: '8f30f730b3193acccd262dc6f3265606') in 0.027730 seconds 
========================================================================
Received Import Request.
  Time since last request: 0.265966 seconds.
  path: Assets/Zukomazi - Pro Drift Controller v1/Models/Test Track One/Track/Materials/ylolt.mat
  artifactKey: Guid(614423ac2a5f90e40aea5558e354af3d) Importer(815301076,1909f56bfc062723c751e8b465ee728b)
Start importing Assets/Zukomazi - Pro Drift Controller v1/Models/Test Track One/Track/Materials/ylolt.mat using Guid(614423ac2a5f90e40aea5558e354af3d) Importer(815301076,1909f56bfc062723c751e8b465ee728b)  -> (artifact id: '54fb62a678d9c91cd7c88d1bcbda8eb2') in 0.031931 seconds 
