Using pre-set license
Built from '2021.3/staging' branch; Version is '2021.3.8f1 (b30333d56e81) revision 11731763'; Using compiler version '192829333'; Build Type 'Release'
OS: 'Windows 10  (10.0.19044) 64bit Professional' Language: 'ko' Physical Memory: 16121 MB
BatchMode: 1, IsHumanControllingUs: 0, StartBugReporterOnCrash: 0, Is64bit: 1, IsPro: 1

COMMAND LINE ARGUMENTS:
C:\Program Files\Unity\Hub\Editor\2021.3.8f1\Editor\Unity.exe
-adb2
-batchMode
-noUpm
-name
AssetImportWorker4
-projectPath
C:/Users/user/Documents/Bureung-Bureung_car/CarGame
-logFile
Logs/AssetImportWorker4.log
-srvPort
58411
Successfully changed project path to: C:/Users/user/Documents/Bureung-Bureung_car/CarGame
C:/Users/user/Documents/Bureung-Bureung_car/CarGame
[UnityMemory] Configuration Parameters - Can be set up in boot.config
    "memorysetup-bucket-allocator-granularity=16"
    "memorysetup-bucket-allocator-bucket-count=8"
    "memorysetup-bucket-allocator-block-size=33554432"
    "memorysetup-bucket-allocator-block-count=8"
    "memorysetup-main-allocator-block-size=16777216"
    "memorysetup-thread-allocator-block-size=16777216"
    "memorysetup-gfx-main-allocator-block-size=16777216"
    "memorysetup-gfx-thread-allocator-block-size=16777216"
    "memorysetup-cache-allocator-block-size=4194304"
    "memorysetup-typetree-allocator-block-size=2097152"
    "memorysetup-profiler-bucket-allocator-granularity=16"
    "memorysetup-profiler-bucket-allocator-bucket-count=8"
    "memorysetup-profiler-bucket-allocator-block-size=33554432"
    "memorysetup-profiler-bucket-allocator-block-count=8"
    "memorysetup-profiler-allocator-block-size=16777216"
    "memorysetup-profiler-editor-allocator-block-size=1048576"
    "memorysetup-temp-allocator-size-main=16777216"
    "memorysetup-job-temp-allocator-block-size=2097152"
    "memorysetup-job-temp-allocator-block-size-background=1048576"
    "memorysetup-job-temp-allocator-reduction-small-platforms=262144"
    "memorysetup-temp-allocator-size-background-worker=32768"
    "memorysetup-temp-allocator-size-job-worker=262144"
    "memorysetup-temp-allocator-size-preload-manager=33554432"
    "memorysetup-temp-allocator-size-nav-mesh-worker=65536"
    "memorysetup-temp-allocator-size-audio-worker=65536"
    "memorysetup-temp-allocator-size-cloud-worker=32768"
    "memorysetup-temp-allocator-size-gi-baking-worker=262144"
    "memorysetup-temp-allocator-size-gfx=262144"
Refreshing native plugins compatible for Editor in 98.92 ms, found 3 plugins.
Preloading 0 native plugins for Editor in 0.00 ms.
Initialize engine version: 2021.3.8f1 (b30333d56e81)
[Subsystems] Discovering subsystems at path C:/Program Files/Unity/Hub/Editor/2021.3.8f1/Editor/Data/Resources/UnitySubsystems
[Subsystems] Discovering subsystems at path C:/Users/user/Documents/Bureung-Bureung_car/CarGame/Assets
GfxDevice: creating device client; threaded=0; jobified=0
Direct3D:
    Version:  Direct3D 11.0 [level 11.1]
    Renderer: NVIDIA GeForce RTX 3050 Ti Laptop GPU (ID=0x25a0)
    Vendor:   NVIDIA
    VRAM:     3990 MB
    Driver:   30.0.15.1215
Initialize mono
Mono path[0] = 'C:/Program Files/Unity/Hub/Editor/2021.3.8f1/Editor/Data/Managed'
Mono path[1] = 'C:/Program Files/Unity/Hub/Editor/2021.3.8f1/Editor/Data/MonoBleedingEdge/lib/mono/unityjit-win32'
Mono config path = 'C:/Program Files/Unity/Hub/Editor/2021.3.8f1/Editor/Data/MonoBleedingEdge/etc'
Using monoOptions --debugger-agent=transport=dt_socket,embedding=1,server=y,suspend=n,address=127.0.0.1:56200
Begin MonoManager ReloadAssembly
Registering precompiled unity dll's ...
Register platform support module: C:/Program Files/Unity/Hub/Editor/2021.3.8f1/Editor/Data/PlaybackEngines/WindowsStandaloneSupport/UnityEditor.WindowsStandalone.Extensions.dll
Registered in 0.006653 seconds.
Native extension for WindowsStandalone target not found
Refreshing native plugins compatible for Editor in 88.06 ms, found 3 plugins.
Preloading 0 native plugins for Editor in 0.00 ms.
Mono: successfully reloaded assembly
- Completed reload, in  0.516 seconds
Domain Reload Profiling:
	ReloadAssembly (516ms)
		BeginReloadAssembly (62ms)
			ExecutionOrderSort (0ms)
			DisableScriptedObjects (0ms)
			BackupInstance (0ms)
			ReleaseScriptingObjects (0ms)
			CreateAndSetChildDomain (1ms)
		EndReloadAssembly (368ms)
			LoadAssemblies (60ms)
			RebuildTransferFunctionScriptingTraits (0ms)
			SetupTypeCache (76ms)
			ReleaseScriptCaches (0ms)
			RebuildScriptCaches (21ms)
			SetupLoadedEditorAssemblies (229ms)
				LogAssemblyErrors (0ms)
				InitializePlatformSupportModulesInManaged (6ms)
				SetLoadedEditorAssemblies (0ms)
				RefreshPlugins (88ms)
				BeforeProcessingInitializeOnLoad (1ms)
				ProcessInitializeOnLoadAttributes (87ms)
				ProcessInitializeOnLoadMethodAttributes (46ms)
				AfterProcessingInitializeOnLoad (0ms)
				EditorAssembliesLoaded (0ms)
			ExecutionOrderSort2 (0ms)
			AwakeInstancesAfterBackupRestoration (0ms)
Platform modules already initialized, skipping
Registering precompiled user dll's ...
Registered in 0.008852 seconds.
Begin MonoManager ReloadAssembly
Symbol file LoadedFromMemory doesn't match image C:\Users\user\Documents\Bureung-Bureung_car\CarGame\Library\PackageCache\com.unity.visualscripting@1.7.8\Editor\VisualScripting.Core\Dependencies\YamlDotNet\Unity.VisualScripting.YamlDotNet.dll
Symbol file LoadedFromMemory doesn't match image C:\Users\user\Documents\Bureung-Bureung_car\CarGame\Library\PackageCache\com.unity.visualscripting@1.7.8\Editor\VisualScripting.Core\Dependencies\DotNetZip\Unity.VisualScripting.IonicZip.dll
Native extension for WindowsStandalone target not found
Refreshing native plugins compatible for Editor in 88.68 ms, found 3 plugins.
Preloading 0 native plugins for Editor in 0.00 ms.
Mono: successfully reloaded assembly
- Completed reload, in  1.076 seconds
Domain Reload Profiling:
	ReloadAssembly (1077ms)
		BeginReloadAssembly (101ms)
			ExecutionOrderSort (0ms)
			DisableScriptedObjects (5ms)
			BackupInstance (0ms)
			ReleaseScriptingObjects (0ms)
			CreateAndSetChildDomain (17ms)
		EndReloadAssembly (877ms)
			LoadAssemblies (108ms)
			RebuildTransferFunctionScriptingTraits (0ms)
			SetupTypeCache (212ms)
			ReleaseScriptCaches (1ms)
			RebuildScriptCaches (45ms)
			SetupLoadedEditorAssemblies (486ms)
				LogAssemblyErrors (0ms)
				InitializePlatformSupportModulesInManaged (5ms)
				SetLoadedEditorAssemblies (0ms)
				RefreshPlugins (89ms)
				BeforeProcessingInitializeOnLoad (91ms)
				ProcessInitializeOnLoadAttributes (226ms)
				ProcessInitializeOnLoadMethodAttributes (68ms)
				AfterProcessingInitializeOnLoad (7ms)
				EditorAssembliesLoaded (0ms)
			ExecutionOrderSort2 (0ms)
			AwakeInstancesAfterBackupRestoration (9ms)
Platform modules already initialized, skipping
========================================================================
Worker process is ready to serve import requests
Launched and connected shader compiler UnityShaderCompiler.exe after 0.06 seconds
Refreshing native plugins compatible for Editor in 0.87 ms, found 3 plugins.
Preloading 0 native plugins for Editor in 0.00 ms.
Unloading 5248 Unused Serialized files (Serialized files now loaded: 0)
Unloading 44 unused Assets / (418.4 KB). Loaded Objects now: 5724.
Memory consumption went from 218.3 MB to 217.9 MB.
Total: 3.302100 ms (FindLiveObjects: 0.373700 ms CreateObjectMapping: 0.188500 ms MarkObjects: 2.607800 ms  DeleteObjects: 0.130300 ms)

AssetImportParameters requested are different than current active one (requested -> active):
  custom:video-decoder-ogg-theora: a1e56fd34408186e4bbccfd4996cb3dc -> 
  custom:container-muxer-webm: aa71ff27fc2769a1b78a27578f13a17b -> 
  custom:container-demuxer-webm: 4f35f7cbe854078d1ac9338744f61a02 -> 
  custom:video-encoder-webm-vp8: eb34c28f22e8b96e1ab97ce403110664 -> 
  custom:video-codec-MediaFoundation-h265: 746d11721c4dcdbdad8f713fa42b33f4 -> 
  custom:audio-encoder-webm-vorbis: bf7c407c2cedff20999df2af8eb42d56 -> 
  custom:framework-win-MediaFoundation: 216162199b28c13a410421893ffa2e32 -> 
  custom:container-demuxer-ogg: 62fdf1f143b41e24485cea50d1cbac27 -> 
  custom:video-decoder-webm-vp8: 9c59270c3fd7afecdb556c50c9e8de78 -> 
  custom:audio-decoder-ogg-vorbis: bf7c407c2cedff20999df2af8eb42d56 -> 
========================================================================
Received Import Request.
  Time since last request: 1210584.737202 seconds.
  path: Assets/BrokenVector/LowPolyRoadPack/Models/Highway Cross Freeway.dae
  artifactKey: Guid(0505729b78e21cd4487c9a4940bea4db) Importer(815301076,1909f56bfc062723c751e8b465ee728b)
Start importing Assets/BrokenVector/LowPolyRoadPack/Models/Highway Cross Freeway.dae using Guid(0505729b78e21cd4487c9a4940bea4db) Importer(815301076,1909f56bfc062723c751e8b465ee728b)  -> (artifact id: 'f283b73c08872f75785514435c4890f4') in 0.264101 seconds 
========================================================================
Received Import Request.
  Time since last request: 0.059619 seconds.
  path: Assets/BrokenVector/LowPolyRoadPack/Models/Highway Join Highway 1.dae
  artifactKey: Guid(a17f37812c6482942b2b08f8a4b9d2c4) Importer(815301076,1909f56bfc062723c751e8b465ee728b)
Start importing Assets/BrokenVector/LowPolyRoadPack/Models/Highway Join Highway 1.dae using Guid(a17f37812c6482942b2b08f8a4b9d2c4) Importer(815301076,1909f56bfc062723c751e8b465ee728b)  -> (artifact id: '9231d9a9ae3399ad4ebbcd6dbcdcfd9e') in 0.028475 seconds 
========================================================================
Received Import Request.
  Time since last request: 0.914157 seconds.
  path: Assets/BrokenVector/LowPolyRoadPack/Models/Highway Join Road.dae
  artifactKey: Guid(0c21f7d1828800d44a5452b9bca476f4) Importer(815301076,1909f56bfc062723c751e8b465ee728b)
Start importing Assets/BrokenVector/LowPolyRoadPack/Models/Highway Join Road.dae using Guid(0c21f7d1828800d44a5452b9bca476f4) Importer(815301076,1909f56bfc062723c751e8b465ee728b)  -> (artifact id: 'dbae7c6bae90b756ddca67194eea0e3e') in 0.036211 seconds 
========================================================================
Received Import Request.
  Time since last request: 0.082018 seconds.
  path: Assets/BrokenVector/LowPolyRoadPack/Models/Highway Straight 1.dae
  artifactKey: Guid(ef63e826ce0e5e94fa9002fc1c038b66) Importer(815301076,1909f56bfc062723c751e8b465ee728b)
Start importing Assets/BrokenVector/LowPolyRoadPack/Models/Highway Straight 1.dae using Guid(ef63e826ce0e5e94fa9002fc1c038b66) Importer(815301076,1909f56bfc062723c751e8b465ee728b)  -> (artifact id: '0620be917f44a8a476f3bc47a7f41343') in 0.036098 seconds 
========================================================================
Received Import Request.
  Time since last request: 0.071994 seconds.
  path: Assets/BrokenVector/LowPolyRoadPack/Models/Highway Straight 4.dae
  artifactKey: Guid(6390c4a61a53b5446adaed9ccacea90d) Importer(815301076,1909f56bfc062723c751e8b465ee728b)
Start importing Assets/BrokenVector/LowPolyRoadPack/Models/Highway Straight 4.dae using Guid(6390c4a61a53b5446adaed9ccacea90d) Importer(815301076,1909f56bfc062723c751e8b465ee728b)  -> (artifact id: '5db31aef03774894e21b6114ea9d7d74') in 0.034482 seconds 
========================================================================
Received Import Request.
  Time since last request: 0.000040 seconds.
  path: Assets/BrokenVector/LowPolyRoadPack/Demo/Landscape/Houses.003.dae
  artifactKey: Guid(b2458df65032dda41b5421b69f657d9a) Importer(815301076,1909f56bfc062723c751e8b465ee728b)
Start importing Assets/BrokenVector/LowPolyRoadPack/Demo/Landscape/Houses.003.dae using Guid(b2458df65032dda41b5421b69f657d9a) Importer(815301076,1909f56bfc062723c751e8b465ee728b)  -> (artifact id: '984ca120263f4b11df705014756c1736') in 0.039988 seconds 
========================================================================
Received Import Request.
  Time since last request: 0.027505 seconds.
  path: Assets/BrokenVector/LowPolyRoadPack/Demo/Landscape/Houses.004.dae
  artifactKey: Guid(f9b12965751b78e4d807b064d0420bb9) Importer(815301076,1909f56bfc062723c751e8b465ee728b)
Start importing Assets/BrokenVector/LowPolyRoadPack/Demo/Landscape/Houses.004.dae using Guid(f9b12965751b78e4d807b064d0420bb9) Importer(815301076,1909f56bfc062723c751e8b465ee728b)  -> (artifact id: 'a765efa056e072f0b6187ce0544373ff') in 0.037239 seconds 
========================================================================
Received Import Request.
  Time since last request: 0.000024 seconds.
  path: Assets/BrokenVector/LowPolyRoadPack/Demo/Landscape/Houses.006.dae
  artifactKey: Guid(f366ec1535b72a841ac031961d69f6e6) Importer(815301076,1909f56bfc062723c751e8b465ee728b)
Start importing Assets/BrokenVector/LowPolyRoadPack/Demo/Landscape/Houses.006.dae using Guid(f366ec1535b72a841ac031961d69f6e6) Importer(815301076,1909f56bfc062723c751e8b465ee728b)  -> (artifact id: '876cc9c575423e6cd66f0e9a0c9a0b49') in 0.029828 seconds 
========================================================================
Received Import Request.
  Time since last request: 0.232631 seconds.
  path: Assets/BrokenVector/LowPolyRoadPack/Demo/Landscape/Houses.008.dae
  artifactKey: Guid(2296d07369e67c646b2d0d7f242d8449) Importer(815301076,1909f56bfc062723c751e8b465ee728b)
Start importing Assets/BrokenVector/LowPolyRoadPack/Demo/Landscape/Houses.008.dae using Guid(2296d07369e67c646b2d0d7f242d8449) Importer(815301076,1909f56bfc062723c751e8b465ee728b)  -> (artifact id: 'a6d779dab7e5610aac5b0945992bbfae') in 0.028147 seconds 
========================================================================
Received Import Request.
  Time since last request: 0.030468 seconds.
  path: Assets/BrokenVector/LowPolyRoadPack/Demo/Landscape/Houses.009.dae
  artifactKey: Guid(46908de83c0ca15498206df2dc007ea0) Importer(815301076,1909f56bfc062723c751e8b465ee728b)
Start importing Assets/BrokenVector/LowPolyRoadPack/Demo/Landscape/Houses.009.dae using Guid(46908de83c0ca15498206df2dc007ea0) Importer(815301076,1909f56bfc062723c751e8b465ee728b)  -> (artifact id: 'bf0297086b6e8320ed0bf1e23a6ab4f7') in 0.027229 seconds 
========================================================================
Received Import Request.
  Time since last request: 0.026006 seconds.
  path: Assets/BrokenVector/LowPolyRoadPack/Demo/Landscape/Houses.010.dae
  artifactKey: Guid(960597deba6aae644952d370b3c462a6) Importer(815301076,1909f56bfc062723c751e8b465ee728b)
Start importing Assets/BrokenVector/LowPolyRoadPack/Demo/Landscape/Houses.010.dae using Guid(960597deba6aae644952d370b3c462a6) Importer(815301076,1909f56bfc062723c751e8b465ee728b)  -> (artifact id: 'c2176f5a7c41a1239217bb956d3adfda') in 0.026811 seconds 
========================================================================
Received Import Request.
  Time since last request: 1.753226 seconds.
  path: Assets/BrokenVector/LowPolyRoadPack/Prefabs/Freeway Join Road.prefab
  artifactKey: Guid(b74054c7819af8a458ae5a11853280ac) Importer(815301076,1909f56bfc062723c751e8b465ee728b)
Start importing Assets/BrokenVector/LowPolyRoadPack/Prefabs/Freeway Join Road.prefab using Guid(b74054c7819af8a458ae5a11853280ac) Importer(815301076,1909f56bfc062723c751e8b465ee728b)  -> (artifact id: '3602e8402e8c20591327dbc2184bc7a3') in 0.044470 seconds 
========================================================================
Received Import Request.
  Time since last request: 0.000045 seconds.
  path: Assets/BrokenVector/LowPolyRoadPack/Prefabs/Freeway Straight 2.prefab
  artifactKey: Guid(ea8ec36c7f9b40f4faa40bf80afec5a3) Importer(815301076,1909f56bfc062723c751e8b465ee728b)
Start importing Assets/BrokenVector/LowPolyRoadPack/Prefabs/Freeway Straight 2.prefab using Guid(ea8ec36c7f9b40f4faa40bf80afec5a3) Importer(815301076,1909f56bfc062723c751e8b465ee728b)  -> (artifact id: 'a7373ea0cae1974ff6e214ba2ef0e37f') in 0.044131 seconds 
========================================================================
Received Import Request.
  Time since last request: 0.000032 seconds.
  path: Assets/BrokenVector/LowPolyRoadPack/Prefabs/Highway Bridge 2.prefab
  artifactKey: Guid(25e5c01865542e449bf00fcc40da6a11) Importer(815301076,1909f56bfc062723c751e8b465ee728b)
Start importing Assets/BrokenVector/LowPolyRoadPack/Prefabs/Highway Bridge 2.prefab using Guid(25e5c01865542e449bf00fcc40da6a11) Importer(815301076,1909f56bfc062723c751e8b465ee728b)  -> (artifact id: 'd2011c8e947d3493c99cfb79876875b7') in 0.019353 seconds 
========================================================================
Received Import Request.
  Time since last request: 0.291185 seconds.
  path: Assets/BrokenVector/LowPolyRoadPack/Prefabs/Highway Cross Highway.prefab
  artifactKey: Guid(ea578c43b60d6d4448daa4d3c1ac0e8b) Importer(815301076,1909f56bfc062723c751e8b465ee728b)
Start importing Assets/BrokenVector/LowPolyRoadPack/Prefabs/Highway Cross Highway.prefab using Guid(ea578c43b60d6d4448daa4d3c1ac0e8b) Importer(815301076,1909f56bfc062723c751e8b465ee728b)  -> (artifact id: '3c1b5648a9b93b64f63bbacf61678c94') in 0.017868 seconds 
========================================================================
Received Import Request.
  Time since last request: 0.045294 seconds.
  path: Assets/BrokenVector/LowPolyRoadPack/Prefabs/Highway Cross Road.prefab
  artifactKey: Guid(58cb49345998e1e4ebc99dfa7af32696) Importer(815301076,1909f56bfc062723c751e8b465ee728b)
Start importing Assets/BrokenVector/LowPolyRoadPack/Prefabs/Highway Cross Road.prefab using Guid(58cb49345998e1e4ebc99dfa7af32696) Importer(815301076,1909f56bfc062723c751e8b465ee728b)  -> (artifact id: '1baaa144bbb7495bd7dd7c3207ac84d4') in 0.020737 seconds 
========================================================================
Received Import Request.
  Time since last request: 0.279491 seconds.
  path: Assets/BrokenVector/LowPolyRoadPack/Prefabs/Highway Curve 2.prefab
  artifactKey: Guid(e22ea203430a7754fa2d9f5192effac9) Importer(815301076,1909f56bfc062723c751e8b465ee728b)
Start importing Assets/BrokenVector/LowPolyRoadPack/Prefabs/Highway Curve 2.prefab using Guid(e22ea203430a7754fa2d9f5192effac9) Importer(815301076,1909f56bfc062723c751e8b465ee728b)  -> (artifact id: 'c666583550cd7669ed3b6e1e0d6508bd') in 0.020157 seconds 
========================================================================
Received Import Request.
  Time since last request: 0.000045 seconds.
  path: Assets/BrokenVector/LowPolyRoadPack/Prefabs/Highway Join Highway 2.prefab
  artifactKey: Guid(51c576822a7a42345b47955233d25adb) Importer(815301076,1909f56bfc062723c751e8b465ee728b)
Start importing Assets/BrokenVector/LowPolyRoadPack/Prefabs/Highway Join Highway 2.prefab using Guid(51c576822a7a42345b47955233d25adb) Importer(815301076,1909f56bfc062723c751e8b465ee728b)  -> (artifact id: 'd74cbb8859e82f15ec59368dcc3a67b8') in 0.032616 seconds 
========================================================================
Received Import Request.
  Time since last request: 0.143528 seconds.
  path: Assets/BrokenVector/LowPolyRoadPack/Prefabs/Highway Join Road.prefab
  artifactKey: Guid(517cd28356a64ae4ca59346763bafa76) Importer(815301076,1909f56bfc062723c751e8b465ee728b)
Start importing Assets/BrokenVector/LowPolyRoadPack/Prefabs/Highway Join Road.prefab using Guid(517cd28356a64ae4ca59346763bafa76) Importer(815301076,1909f56bfc062723c751e8b465ee728b)  -> (artifact id: 'e4886a3b497414a54747e1b89c6046d6') in 0.015824 seconds 
========================================================================
Received Import Request.
  Time since last request: 0.036332 seconds.
  path: Assets/BrokenVector/LowPolyRoadPack/Prefabs/Highway Straight 1.prefab
  artifactKey: Guid(b5baae8b9b6343c4484a2886ccff5179) Importer(815301076,1909f56bfc062723c751e8b465ee728b)
Start importing Assets/BrokenVector/LowPolyRoadPack/Prefabs/Highway Straight 1.prefab using Guid(b5baae8b9b6343c4484a2886ccff5179) Importer(815301076,1909f56bfc062723c751e8b465ee728b)  -> (artifact id: '62db8e37308135854f85e52ee0100b30') in 0.033703 seconds 
========================================================================
Received Import Request.
  Time since last request: 0.007596 seconds.
  path: Assets/BrokenVector/LowPolyRoadPack/Prefabs/Highway Straight 2.prefab
  artifactKey: Guid(260ff3c3667b2bd4f82382b31d2ef823) Importer(815301076,1909f56bfc062723c751e8b465ee728b)
Start importing Assets/BrokenVector/LowPolyRoadPack/Prefabs/Highway Straight 2.prefab using Guid(260ff3c3667b2bd4f82382b31d2ef823) Importer(815301076,1909f56bfc062723c751e8b465ee728b)  -> (artifact id: 'cafd210cfa15f7171d1b6804c6510840') in 0.017673 seconds 
========================================================================
Received Import Request.
  Time since last request: 1.025690 seconds.
  path: Assets/BrokenVector/LowPolyRoadPack/Prefabs/Highway Straight 4.prefab
  artifactKey: Guid(3981927452c32484d9640b2bf295fc6c) Importer(815301076,1909f56bfc062723c751e8b465ee728b)
Start importing Assets/BrokenVector/LowPolyRoadPack/Prefabs/Highway Straight 4.prefab using Guid(3981927452c32484d9640b2bf295fc6c) Importer(815301076,1909f56bfc062723c751e8b465ee728b)  -> (artifact id: 'ed67c75611a30c795cb79b5c84b084de') in 0.015368 seconds 
========================================================================
Received Import Request.
  Time since last request: 0.033045 seconds.
  path: Assets/Geopipe/Pack01/NYBlock01/NYBlock01.prefab
  artifactKey: Guid(1cd0e95b6cdedf3468ff544424b36f1b) Importer(815301076,1909f56bfc062723c751e8b465ee728b)
Start importing Assets/Geopipe/Pack01/NYBlock01/NYBlock01.prefab using Guid(1cd0e95b6cdedf3468ff544424b36f1b) Importer(815301076,1909f56bfc062723c751e8b465ee728b)  -> (artifact id: '6cdcce01bada7c33962ca97694575846') in 2.865499 seconds 
========================================================================
Received Import Request.
  Time since last request: 2.136358 seconds.
  path: Packages/com.unity.render-pipelines.core/Runtime/Debugging/Prefabs/Widgets/DebugUIVector4.prefab
  artifactKey: Guid(d47f009476100f545971a81ede14c750) Importer(815301076,1909f56bfc062723c751e8b465ee728b)
Start importing Packages/com.unity.render-pipelines.core/Runtime/Debugging/Prefabs/Widgets/DebugUIVector4.prefab using Guid(d47f009476100f545971a81ede14c750) Importer(815301076,1909f56bfc062723c751e8b465ee728b)  -> (artifact id: '5039c206b7578d62ecd32be8fdd9b01d') in 0.047827 seconds 
========================================================================
Received Import Request.
  Time since last request: 0.010082 seconds.
  path: Packages/com.unity.render-pipelines.core/Runtime/Debugging/Prefabs/Widgets/DebugUIValue.prefab
  artifactKey: Guid(dc0f88987826e6e48b1fe9c7c2b53a53) Importer(815301076,1909f56bfc062723c751e8b465ee728b)
Start importing Packages/com.unity.render-pipelines.core/Runtime/Debugging/Prefabs/Widgets/DebugUIValue.prefab using Guid(dc0f88987826e6e48b1fe9c7c2b53a53) Importer(815301076,1909f56bfc062723c751e8b465ee728b)  -> (artifact id: '4e653b62ebe24adee9149d8c50d2af7b') in 0.013737 seconds 
========================================================================
Received Import Request.
  Time since last request: 0.005779 seconds.
  path: Packages/com.unity.render-pipelines.core/Runtime/Debugging/Prefabs/Widgets/DebugUIToggleHistory.prefab
  artifactKey: Guid(5088d0220f0c4df439cf06c5c270eacb) Importer(815301076,1909f56bfc062723c751e8b465ee728b)
Start importing Packages/com.unity.render-pipelines.core/Runtime/Debugging/Prefabs/Widgets/DebugUIToggleHistory.prefab using Guid(5088d0220f0c4df439cf06c5c270eacb) Importer(815301076,1909f56bfc062723c751e8b465ee728b)  -> (artifact id: 'c39ee26c82b7487abb6a51b86e83b75b') in 0.015367 seconds 
========================================================================
Received Import Request.
  Time since last request: 0.004288 seconds.
  path: Packages/com.unity.render-pipelines.core/Runtime/Debugging/Prefabs/Widgets/DebugUIToggle.prefab
  artifactKey: Guid(ce347ad101f41ee4ab5c3fbc0ea447db) Importer(815301076,1909f56bfc062723c751e8b465ee728b)
Start importing Packages/com.unity.render-pipelines.core/Runtime/Debugging/Prefabs/Widgets/DebugUIToggle.prefab using Guid(ce347ad101f41ee4ab5c3fbc0ea447db) Importer(815301076,1909f56bfc062723c751e8b465ee728b)  -> (artifact id: 'c5c8142684694b2eb0e4dd23f2b87d39') in 0.014647 seconds 
========================================================================
Received Import Request.
  Time since last request: 0.006931 seconds.
  path: Packages/com.unity.render-pipelines.core/Runtime/Debugging/Prefabs/Widgets/DebugUIRow.prefab
  artifactKey: Guid(2d019437ff89b8d44949727731cd9357) Importer(815301076,1909f56bfc062723c751e8b465ee728b)
Start importing Packages/com.unity.render-pipelines.core/Runtime/Debugging/Prefabs/Widgets/DebugUIRow.prefab using Guid(2d019437ff89b8d44949727731cd9357) Importer(815301076,1909f56bfc062723c751e8b465ee728b)  -> (artifact id: 'bfe46af1209227aa7136dfb51a28cdc9') in 0.017688 seconds 
========================================================================
Received Import Request.
  Time since last request: 0.004090 seconds.
  path: Packages/com.unity.render-pipelines.core/Runtime/Debugging/Prefabs/Resources/DebugUIPersistentCanvas.prefab
  artifactKey: Guid(f6b1a0fe75d5009449cf55ae76220e2b) Importer(815301076,1909f56bfc062723c751e8b465ee728b)
Start importing Packages/com.unity.render-pipelines.core/Runtime/Debugging/Prefabs/Resources/DebugUIPersistentCanvas.prefab using Guid(f6b1a0fe75d5009449cf55ae76220e2b) Importer(815301076,1909f56bfc062723c751e8b465ee728b)  -> (artifact id: '31469c96ad7a7d65892a96e198316d70') in 0.016758 seconds 
========================================================================
Received Import Request.
  Time since last request: 0.008235 seconds.
  path: Packages/com.unity.render-pipelines.core/Runtime/Debugging/Prefabs/Widgets/DebugUIPanel.prefab
  artifactKey: Guid(daa46a58178a6ad41ae1ddc2dc7f856d) Importer(815301076,1909f56bfc062723c751e8b465ee728b)
Start importing Packages/com.unity.render-pipelines.core/Runtime/Debugging/Prefabs/Widgets/DebugUIPanel.prefab using Guid(daa46a58178a6ad41ae1ddc2dc7f856d) Importer(815301076,1909f56bfc062723c751e8b465ee728b)  -> (artifact id: '5df77015f1e3e6e00d457eca132f54fb') in 0.019298 seconds 
========================================================================
Received Import Request.
  Time since last request: 0.000023 seconds.
  path: Packages/com.unity.render-pipelines.core/Runtime/Debugging/Prefabs/Widgets/DebugUIMessageBox.prefab
  artifactKey: Guid(10a25524b0986f9488b430e2829bbbe8) Importer(815301076,1909f56bfc062723c751e8b465ee728b)
Start importing Packages/com.unity.render-pipelines.core/Runtime/Debugging/Prefabs/Widgets/DebugUIMessageBox.prefab using Guid(10a25524b0986f9488b430e2829bbbe8) Importer(815301076,1909f56bfc062723c751e8b465ee728b)  -> (artifact id: 'a3a45ae3a7220561382b593c6da6b230') in 0.015229 seconds 
========================================================================
Received Import Request.
  Time since last request: 0.006504 seconds.
  path: Packages/com.unity.render-pipelines.core/Runtime/Debugging/Prefabs/Widgets/DebugUIHBox.prefab
  artifactKey: Guid(f7f5e36797cf0c1408561665c67b179b) Importer(815301076,1909f56bfc062723c751e8b465ee728b)
Start importing Packages/com.unity.render-pipelines.core/Runtime/Debugging/Prefabs/Widgets/DebugUIHBox.prefab using Guid(f7f5e36797cf0c1408561665c67b179b) Importer(815301076,1909f56bfc062723c751e8b465ee728b)  -> (artifact id: 'd78812fc71ccf4522bc7d20f1fb90028') in 0.015615 seconds 
========================================================================
Received Import Request.
  Time since last request: 0.004751 seconds.
  path: Packages/com.unity.render-pipelines.core/Runtime/Debugging/Prefabs/Widgets/DebugUIFoldout.prefab
  artifactKey: Guid(1c87ab2ce8b8b304d98fbe9a734b1f74) Importer(815301076,1909f56bfc062723c751e8b465ee728b)
Start importing Packages/com.unity.render-pipelines.core/Runtime/Debugging/Prefabs/Widgets/DebugUIFoldout.prefab using Guid(1c87ab2ce8b8b304d98fbe9a734b1f74) Importer(815301076,1909f56bfc062723c751e8b465ee728b)  -> (artifact id: 'bf86d8a1d5670395e79ffd4a0c3be209') in 0.015540 seconds 
========================================================================
Received Import Request.
  Time since last request: 678.052406 seconds.
  path: Assets/TutorialInfo/Scripts
  artifactKey: Guid(5a9bcd70e6a4b4b05badaa72e827d8e0) Importer(815301076,1909f56bfc062723c751e8b465ee728b)
Start importing Assets/TutorialInfo/Scripts using Guid(5a9bcd70e6a4b4b05badaa72e827d8e0) Importer(815301076,1909f56bfc062723c751e8b465ee728b)  -> (artifact id: 'bd40405b1c33fc38c3cf389a51b62526') in 0.010634 seconds 
========================================================================
Received Import Request.
  Time since last request: 0.936928 seconds.
  path: Assets/TutorialInfo/Scripts/Editor
  artifactKey: Guid(3ad9b87dffba344c89909c6d1b1c17e1) Importer(815301076,1909f56bfc062723c751e8b465ee728b)
Start importing Assets/TutorialInfo/Scripts/Editor using Guid(3ad9b87dffba344c89909c6d1b1c17e1) Importer(815301076,1909f56bfc062723c751e8b465ee728b)  -> (artifact id: '5fd757725371249e191449f57f634ec2') in 0.019311 seconds 
========================================================================
Received Import Request.
  Time since last request: 0.633773 seconds.
  path: Assets/TutorialInfo/Scripts/Editor/ReadmeEditor.cs
  artifactKey: Guid(476cc7d7cd9874016adc216baab94a0a) Importer(815301076,1909f56bfc062723c751e8b465ee728b)
Start importing Assets/TutorialInfo/Scripts/Editor/ReadmeEditor.cs using Guid(476cc7d7cd9874016adc216baab94a0a) Importer(815301076,1909f56bfc062723c751e8b465ee728b)  -> (artifact id: '8a219de8762d32bc4258b2c1048f5c1b') in 0.014328 seconds 
========================================================================
Received Import Request.
  Time since last request: 13.702613 seconds.
  path: Assets/Settings/Editor
  artifactKey: Guid(142beba467c952347ab2c308edc70046) Importer(815301076,1909f56bfc062723c751e8b465ee728b)
Start importing Assets/Settings/Editor using Guid(142beba467c952347ab2c308edc70046) Importer(815301076,1909f56bfc062723c751e8b465ee728b)  -> (artifact id: 'fb605c9d2eebcc5412f04c753235b495') in 0.014888 seconds 
========================================================================
Received Import Request.
  Time since last request: 98.249411 seconds.
  path: Assets/TutorialInfo/Icons/URP.png
  artifactKey: Guid(727a75301c3d24613a3ebcec4a24c2c8) Importer(815301076,1909f56bfc062723c751e8b465ee728b)
Start importing Assets/TutorialInfo/Icons/URP.png using Guid(727a75301c3d24613a3ebcec4a24c2c8) Importer(815301076,1909f56bfc062723c751e8b465ee728b)  -> (artifact id: 'd894913ff94fc316e0b5d662645ac09c') in 0.056922 seconds 
========================================================================
Received Import Request.
  Time since last request: 11.943193 seconds.
  path: Assets/BrokenVector/LowPolyRoadPack/Demo
  artifactKey: Guid(2469141f37ffafb4784fc96766e97a58) Importer(815301076,1909f56bfc062723c751e8b465ee728b)
Start importing Assets/BrokenVector/LowPolyRoadPack/Demo using Guid(2469141f37ffafb4784fc96766e97a58) Importer(815301076,1909f56bfc062723c751e8b465ee728b)  -> (artifact id: 'f84242b41036c86a1d5e7ee6a8fcc66f') in 0.019140 seconds 
========================================================================
Received Import Request.
  Time since last request: 6.051022 seconds.
  path: Assets/01_Scenes/damin/damin.unity
  artifactKey: Guid(99c9720ab356a0642a771bea13969a05) Importer(815301076,1909f56bfc062723c751e8b465ee728b)
Start importing Assets/01_Scenes/damin/damin.unity using Guid(99c9720ab356a0642a771bea13969a05) Importer(815301076,1909f56bfc062723c751e8b465ee728b)  -> (artifact id: 'a2912a612802b3dd2e80bca56d466111') in 0.007694 seconds 
========================================================================
Received Prepare
Registering precompiled user dll's ...
Registered in 0.008907 seconds.
Begin MonoManager ReloadAssembly
Symbol file LoadedFromMemory doesn't match image C:\Users\user\Documents\Bureung-Bureung_car\CarGame\Library\PackageCache\com.unity.visualscripting@1.7.8\Editor\VisualScripting.Core\Dependencies\YamlDotNet\Unity.VisualScripting.YamlDotNet.dll
Symbol file LoadedFromMemory doesn't match image C:\Users\user\Documents\Bureung-Bureung_car\CarGame\Library\PackageCache\com.unity.visualscripting@1.7.8\Editor\VisualScripting.Core\Dependencies\DotNetZip\Unity.VisualScripting.IonicZip.dll
Native extension for WindowsStandalone target not found
Refreshing native plugins compatible for Editor in 1.83 ms, found 3 plugins.
Preloading 0 native plugins for Editor in 0.00 ms.
Mono: successfully reloaded assembly
- Completed reload, in  1.346 seconds
Domain Reload Profiling:
	ReloadAssembly (1346ms)
		BeginReloadAssembly (160ms)
			ExecutionOrderSort (0ms)
			DisableScriptedObjects (6ms)
			BackupInstance (0ms)
			ReleaseScriptingObjects (0ms)
			CreateAndSetChildDomain (55ms)
		EndReloadAssembly (1080ms)
			LoadAssemblies (103ms)
			RebuildTransferFunctionScriptingTraits (0ms)
			SetupTypeCache (295ms)
			ReleaseScriptCaches (3ms)
			RebuildScriptCaches (62ms)
			SetupLoadedEditorAssemblies (515ms)
				LogAssemblyErrors (0ms)
				InitializePlatformSupportModulesInManaged (17ms)
				SetLoadedEditorAssemblies (1ms)
				RefreshPlugins (2ms)
				BeforeProcessingInitializeOnLoad (92ms)
				ProcessInitializeOnLoadAttributes (293ms)
				ProcessInitializeOnLoadMethodAttributes (101ms)
				AfterProcessingInitializeOnLoad (9ms)
				EditorAssembliesLoaded (0ms)
			ExecutionOrderSort2 (0ms)
			AwakeInstancesAfterBackupRestoration (33ms)
Platform modules already initialized, skipping
Refreshing native plugins compatible for Editor in 2.06 ms, found 3 plugins.
Preloading 0 native plugins for Editor in 0.00 ms.
Unloading 5129 Unused Serialized files (Serialized files now loaded: 0)
Unloading 26 unused Assets / (381.4 KB). Loaded Objects now: 5803.
Memory consumption went from 240.5 MB to 240.1 MB.
Total: 3.201800 ms (FindLiveObjects: 0.359300 ms CreateObjectMapping: 0.198800 ms MarkObjects: 2.570600 ms  DeleteObjects: 0.072300 ms)

AssetImportParameters requested are different than current active one (requested -> active):
  custom:video-decoder-ogg-theora: a1e56fd34408186e4bbccfd4996cb3dc -> 
  custom:container-muxer-webm: aa71ff27fc2769a1b78a27578f13a17b -> 
  custom:container-demuxer-webm: 4f35f7cbe854078d1ac9338744f61a02 -> 
  custom:video-encoder-webm-vp8: eb34c28f22e8b96e1ab97ce403110664 -> 
  custom:video-codec-MediaFoundation-h265: 746d11721c4dcdbdad8f713fa42b33f4 -> 
  custom:audio-encoder-webm-vorbis: bf7c407c2cedff20999df2af8eb42d56 -> 
  custom:framework-win-MediaFoundation: 216162199b28c13a410421893ffa2e32 -> 
  custom:container-demuxer-ogg: 62fdf1f143b41e24485cea50d1cbac27 -> 
  custom:video-decoder-webm-vp8: 9c59270c3fd7afecdb556c50c9e8de78 -> 
  custom:audio-decoder-ogg-vorbis: bf7c407c2cedff20999df2af8eb42d56 -> 
========================================================================
Received Import Request.
  Time since last request: 175.195255 seconds.
  path: Assets/Editor/vehicleManager.cs
  artifactKey: Guid(53a89f774acb9dd469ad4945dc262b78) Importer(815301076,1909f56bfc062723c751e8b465ee728b)
Start importing Assets/Editor/vehicleManager.cs using Guid(53a89f774acb9dd469ad4945dc262b78) Importer(815301076,1909f56bfc062723c751e8b465ee728b)  -> (artifact id: '886c5646d5e0f226ca6eaaaab2973ceb') in 0.013390 seconds 
========================================================================
Received Import Request.
  Time since last request: 176.291553 seconds.
  path: Assets/Settings/Editor/RoadSystemSettings.asset
  artifactKey: Guid(14fdd24ccd5918b4790a0689d46818f8) Importer(815301076,1909f56bfc062723c751e8b465ee728b)
Start importing Assets/Settings/Editor/RoadSystemSettings.asset using Guid(14fdd24ccd5918b4790a0689d46818f8) Importer(815301076,1909f56bfc062723c751e8b465ee728b)  -> (artifact id: 'e476244fa9a35cb5b0751d2ea4775ec2') in 0.016948 seconds 
========================================================================
Received Import Request.
  Time since last request: 1150.740739 seconds.
  path: Assets/Settings/URP-HighFidelity.asset
  artifactKey: Guid(7b7fd9122c28c4d15b667c7040e3b3fd) Importer(815301076,1909f56bfc062723c751e8b465ee728b)
Start importing Assets/Settings/URP-HighFidelity.asset using Guid(7b7fd9122c28c4d15b667c7040e3b3fd) Importer(815301076,1909f56bfc062723c751e8b465ee728b)  -> (artifact id: '00890fb33c71e3e6caaf631e50396927') in 0.016708 seconds 
========================================================================
Received Prepare
Registering precompiled user dll's ...
Registered in 0.013126 seconds.
Begin MonoManager ReloadAssembly
Symbol file LoadedFromMemory doesn't match image C:\Users\user\Documents\Bureung-Bureung_car\CarGame\Library\PackageCache\com.unity.visualscripting@1.7.8\Editor\VisualScripting.Core\Dependencies\YamlDotNet\Unity.VisualScripting.YamlDotNet.dll
Symbol file LoadedFromMemory doesn't match image C:\Users\user\Documents\Bureung-Bureung_car\CarGame\Library\PackageCache\com.unity.visualscripting@1.7.8\Editor\VisualScripting.Core\Dependencies\DotNetZip\Unity.VisualScripting.IonicZip.dll
Native extension for WindowsStandalone target not found
Refreshing native plugins compatible for Editor in 0.89 ms, found 3 plugins.
Preloading 0 native plugins for Editor in 0.00 ms.
Mono: successfully reloaded assembly
- Completed reload, in  1.314 seconds
Domain Reload Profiling:
	ReloadAssembly (1315ms)
		BeginReloadAssembly (177ms)
			ExecutionOrderSort (0ms)
			DisableScriptedObjects (4ms)
			BackupInstance (0ms)
			ReleaseScriptingObjects (0ms)
			CreateAndSetChildDomain (53ms)
		EndReloadAssembly (1012ms)
			LoadAssemblies (110ms)
			RebuildTransferFunctionScriptingTraits (0ms)
			SetupTypeCache (309ms)
			ReleaseScriptCaches (3ms)
			RebuildScriptCaches (48ms)
			SetupLoadedEditorAssemblies (456ms)
				LogAssemblyErrors (0ms)
				InitializePlatformSupportModulesInManaged (12ms)
				SetLoadedEditorAssemblies (0ms)
				RefreshPlugins (1ms)
				BeforeProcessingInitializeOnLoad (92ms)
				ProcessInitializeOnLoadAttributes (258ms)
				ProcessInitializeOnLoadMethodAttributes (79ms)
				AfterProcessingInitializeOnLoad (13ms)
				EditorAssembliesLoaded (1ms)
			ExecutionOrderSort2 (0ms)
			AwakeInstancesAfterBackupRestoration (31ms)
Platform modules already initialized, skipping
Shader 'TextMeshPro/Distance Field': fallback shader 'TextMeshPro/Mobile/Distance Field' not found
Refreshing native plugins compatible for Editor in 3.90 ms, found 3 plugins.
Preloading 0 native plugins for Editor in 0.00 ms.
Unloading 5150 Unused Serialized files (Serialized files now loaded: 0)
Unloading 88 unused Assets / (2.2 MB). Loaded Objects now: 5776.
Memory consumption went from 242.2 MB to 240.0 MB.
Total: 10.056400 ms (FindLiveObjects: 0.559100 ms CreateObjectMapping: 0.284800 ms MarkObjects: 4.805600 ms  DeleteObjects: 4.405700 ms)

AssetImportParameters requested are different than current active one (requested -> active):
  custom:video-decoder-ogg-theora: a1e56fd34408186e4bbccfd4996cb3dc -> 
  custom:container-muxer-webm: aa71ff27fc2769a1b78a27578f13a17b -> 
  custom:container-demuxer-webm: 4f35f7cbe854078d1ac9338744f61a02 -> 
  custom:video-encoder-webm-vp8: eb34c28f22e8b96e1ab97ce403110664 -> 
  custom:video-codec-MediaFoundation-h265: 746d11721c4dcdbdad8f713fa42b33f4 -> 
  custom:audio-encoder-webm-vorbis: bf7c407c2cedff20999df2af8eb42d56 -> 
  custom:framework-win-MediaFoundation: 216162199b28c13a410421893ffa2e32 -> 
  custom:container-demuxer-ogg: 62fdf1f143b41e24485cea50d1cbac27 -> 
  custom:video-decoder-webm-vp8: 9c59270c3fd7afecdb556c50c9e8de78 -> 
  custom:audio-decoder-ogg-vorbis: bf7c407c2cedff20999df2af8eb42d56 -> 
========================================================================
Received Import Request.
  Time since last request: 49.534358 seconds.
  path: Assets/Settings/URP-HighFidelity.asset
  artifactKey: Guid(7b7fd9122c28c4d15b667c7040e3b3fd) Importer(815301076,1909f56bfc062723c751e8b465ee728b)
Start importing Assets/Settings/URP-HighFidelity.asset using Guid(7b7fd9122c28c4d15b667c7040e3b3fd) Importer(815301076,1909f56bfc062723c751e8b465ee728b)  -> (artifact id: '6a15d3bfc23d7613b68230e73cd28fb8') in 0.129933 seconds 
========================================================================
Received Import Request.
  Time since last request: 0.000034 seconds.
  path: Assets/Settings/URP-HighFidelity-Renderer.asset
  artifactKey: Guid(c40be3174f62c4acf8c1216858c64956) Importer(815301076,1909f56bfc062723c751e8b465ee728b)
Start importing Assets/Settings/URP-HighFidelity-Renderer.asset using Guid(c40be3174f62c4acf8c1216858c64956) Importer(815301076,1909f56bfc062723c751e8b465ee728b)  -> (artifact id: '86a7a6b4f0be012d279ec51d7f02c5f5') in 0.031174 seconds 
========================================================================
Received Import Request.
  Time since last request: 0.000045 seconds.
  path: Assets/Settings/URP-Performant.asset
  artifactKey: Guid(d0e2fc18fe036412f8223b3b3d9ad574) Importer(815301076,1909f56bfc062723c751e8b465ee728b)
Start importing Assets/Settings/URP-Performant.asset using Guid(d0e2fc18fe036412f8223b3b3d9ad574) Importer(815301076,1909f56bfc062723c751e8b465ee728b)  -> (artifact id: 'f6927c2e591a70d59bab276d401fb73c') in 0.031677 seconds 
========================================================================
Received Import Request.
  Time since last request: 0.000106 seconds.
  path: Assets/Settings/URP-Balanced.asset
  artifactKey: Guid(e1260c1148f6143b28bae5ace5e9c5d1) Importer(815301076,1909f56bfc062723c751e8b465ee728b)
Start importing Assets/Settings/URP-Balanced.asset using Guid(e1260c1148f6143b28bae5ace5e9c5d1) Importer(815301076,1909f56bfc062723c751e8b465ee728b)  -> (artifact id: '8ca794c9f5da6e513ba6ab7fb95ebdc9') in 0.025561 seconds 
